2018-10-24 10:05:04.568 [main] INFO  org.springframework.boot.test.context.SpringBootTestContextBootstrapper - Neither @ContextConfiguration nor @ContextHierarchy found for test class [com.evshang.registration.UserServiceApplicationApplicationTests], using SpringBootContextLoader
2018-10-24 10:05:04.572 [main] INFO  org.springframework.test.context.support.AbstractContextLoader - Could not detect default resource locations for test class [com.evshang.registration.UserServiceApplicationApplicationTests]: no resource found for suffixes {-context.xml, Context.groovy}.
2018-10-24 10:05:04.573 [main] INFO  org.springframework.test.context.support.AnnotationConfigContextLoaderUtils - Could not detect default configuration classes for test class [com.evshang.registration.UserServiceApplicationApplicationTests]: UserServiceApplicationApplicationTests does not declare any static, non-private, non-final, nested classes annotated with @Configuration.
2018-10-24 10:05:04.644 [main] INFO  org.springframework.boot.test.context.SpringBootTestContextBootstrapper - Found @SpringBootConfiguration com.evshang.CommodityServiceApplication for test class com.evshang.registration.UserServiceApplicationApplicationTests
2018-10-24 10:05:04.649 [main] INFO  org.springframework.boot.test.context.SpringBootTestContextBootstrapper - Loaded default TestExecutionListener class names from location [META-INF/spring.factories]: [org.springframework.boot.test.mock.mockito.MockitoTestExecutionListener, org.springframework.boot.test.mock.mockito.ResetMocksTestExecutionListener, org.springframework.boot.test.autoconfigure.restdocs.RestDocsTestExecutionListener, org.springframework.boot.test.autoconfigure.web.client.MockRestServiceServerResetTestExecutionListener, org.springframework.boot.test.autoconfigure.web.servlet.MockMvcPrintOnlyOnFailureTestExecutionListener, org.springframework.boot.test.autoconfigure.web.servlet.WebDriverTestExecutionListener, org.springframework.test.context.web.ServletTestExecutionListener, org.springframework.test.context.support.DirtiesContextBeforeModesTestExecutionListener, org.springframework.test.context.support.DependencyInjectionTestExecutionListener, org.springframework.test.context.support.DirtiesContextTestExecutionListener, org.springframework.test.context.transaction.TransactionalTestExecutionListener, org.springframework.test.context.jdbc.SqlScriptsTestExecutionListener]
2018-10-24 10:05:04.657 [main] INFO  org.springframework.boot.test.context.SpringBootTestContextBootstrapper - Using TestExecutionListeners: [org.springframework.test.context.web.ServletTestExecutionListener@7714e963, org.springframework.test.context.support.DirtiesContextBeforeModesTestExecutionListener@20ce78ec, org.springframework.boot.test.mock.mockito.MockitoTestExecutionListener@393671df, org.springframework.boot.test.autoconfigure.SpringBootDependencyInjectionTestExecutionListener@56620197, org.springframework.test.context.support.DirtiesContextTestExecutionListener@6eda5c9, org.springframework.boot.test.mock.mockito.ResetMocksTestExecutionListener@55b7a4e0, org.springframework.boot.test.autoconfigure.restdocs.RestDocsTestExecutionListener@5f058f00, org.springframework.boot.test.autoconfigure.web.client.MockRestServiceServerResetTestExecutionListener@192d43ce, org.springframework.boot.test.autoconfigure.web.servlet.MockMvcPrintOnlyOnFailureTestExecutionListener@72057ecf, org.springframework.boot.test.autoconfigure.web.servlet.WebDriverTestExecutionListener@1afd44cb]
2018-10-24 10:05:04.661 [main] INFO  org.springframework.boot.test.context.SpringBootTestContextBootstrapper - Neither @ContextConfiguration nor @ContextHierarchy found for test class [com.evshang.registration.UserServiceApplicationApplicationTests], using SpringBootContextLoader
2018-10-24 10:05:04.661 [main] INFO  org.springframework.test.context.support.AbstractContextLoader - Could not detect default resource locations for test class [com.evshang.registration.UserServiceApplicationApplicationTests]: no resource found for suffixes {-context.xml, Context.groovy}.
2018-10-24 10:05:04.661 [main] INFO  org.springframework.test.context.support.AnnotationConfigContextLoaderUtils - Could not detect default configuration classes for test class [com.evshang.registration.UserServiceApplicationApplicationTests]: UserServiceApplicationApplicationTests does not declare any static, non-private, non-final, nested classes annotated with @Configuration.
2018-10-24 10:05:04.665 [main] INFO  org.springframework.boot.test.context.SpringBootTestContextBootstrapper - Found @SpringBootConfiguration com.evshang.CommodityServiceApplication for test class com.evshang.registration.UserServiceApplicationApplicationTests
2018-10-24 10:05:04.669 [main] INFO  org.springframework.boot.test.context.SpringBootTestContextBootstrapper - Loaded default TestExecutionListener class names from location [META-INF/spring.factories]: [org.springframework.boot.test.mock.mockito.MockitoTestExecutionListener, org.springframework.boot.test.mock.mockito.ResetMocksTestExecutionListener, org.springframework.boot.test.autoconfigure.restdocs.RestDocsTestExecutionListener, org.springframework.boot.test.autoconfigure.web.client.MockRestServiceServerResetTestExecutionListener, org.springframework.boot.test.autoconfigure.web.servlet.MockMvcPrintOnlyOnFailureTestExecutionListener, org.springframework.boot.test.autoconfigure.web.servlet.WebDriverTestExecutionListener, org.springframework.test.context.web.ServletTestExecutionListener, org.springframework.test.context.support.DirtiesContextBeforeModesTestExecutionListener, org.springframework.test.context.support.DependencyInjectionTestExecutionListener, org.springframework.test.context.support.DirtiesContextTestExecutionListener, org.springframework.test.context.transaction.TransactionalTestExecutionListener, org.springframework.test.context.jdbc.SqlScriptsTestExecutionListener]
2018-10-24 10:05:04.672 [main] INFO  org.springframework.boot.test.context.SpringBootTestContextBootstrapper - Using TestExecutionListeners: [org.springframework.test.context.web.ServletTestExecutionListener@59662a0b, org.springframework.test.context.support.DirtiesContextBeforeModesTestExecutionListener@77fbd92c, org.springframework.boot.test.mock.mockito.MockitoTestExecutionListener@67c27493, org.springframework.boot.test.autoconfigure.SpringBootDependencyInjectionTestExecutionListener@1a482e36, org.springframework.test.context.support.DirtiesContextTestExecutionListener@72967906, org.springframework.boot.test.mock.mockito.ResetMocksTestExecutionListener@5b8dfcc1, org.springframework.boot.test.autoconfigure.restdocs.RestDocsTestExecutionListener@2f9f7dcf, org.springframework.boot.test.autoconfigure.web.client.MockRestServiceServerResetTestExecutionListener@747ddf94, org.springframework.boot.test.autoconfigure.web.servlet.MockMvcPrintOnlyOnFailureTestExecutionListener@35e2d654, org.springframework.boot.test.autoconfigure.web.servlet.WebDriverTestExecutionListener@1bd4fdd]
2018-10-24 10:05:05.972 [main] INFO  org.springframework.context.annotation.AnnotationConfigApplicationContext - Refreshing org.springframework.context.annotation.AnnotationConfigApplicationContext@7aaca91a: startup date [Wed Oct 24 10:05:05 CST 2018]; root of context hierarchy
2018-10-24 10:05:06.137 [background-preinit] INFO  org.hibernate.validator.internal.util.Version - HV000001: Hibernate Validator 5.3.6.Final
2018-10-24 10:05:06.177 [main] INFO  org.springframework.beans.factory.annotation.AutowiredAnnotationBeanPostProcessor - JSR-330 'javax.inject.Inject' annotation found and supported for autowiring
2018-10-24 10:05:06.195 [main] INFO  org.springframework.context.support.PostProcessorRegistrationDelegate$BeanPostProcessorChecker - Bean 'configurationPropertiesRebinderAutoConfiguration' of type [org.springframework.cloud.autoconfigure.ConfigurationPropertiesRebinderAutoConfiguration$$EnhancerBySpringCGLIB$$a0c38393] is not eligible for getting processed by all BeanPostProcessors (for example: not eligible for auto-proxying)
2018-10-24 10:05:07.333 [main] INFO  org.springframework.cloud.commons.util.InetUtils - Cannot determine local hostname
2018-10-24 10:05:07.383 [main] INFO  org.springframework.cloud.netflix.eureka.InstanceInfoFactory - Setting initial instance status as: STARTING
2018-10-24 10:05:07.437 [main] INFO  com.netflix.discovery.DiscoveryClient - Initializing Eureka in region us-east-1
2018-10-24 10:05:07.575 [main] INFO  com.netflix.discovery.provider.DiscoveryJerseyProvider - Using JSON encoding codec LegacyJacksonJson
2018-10-24 10:05:07.576 [main] INFO  com.netflix.discovery.provider.DiscoveryJerseyProvider - Using JSON decoding codec LegacyJacksonJson
2018-10-24 10:05:07.671 [main] INFO  com.netflix.discovery.provider.DiscoveryJerseyProvider - Using XML encoding codec XStreamXml
2018-10-24 10:05:07.671 [main] INFO  com.netflix.discovery.provider.DiscoveryJerseyProvider - Using XML decoding codec XStreamXml
2018-10-24 10:05:07.776 [main] INFO  com.netflix.discovery.shared.resolver.aws.ConfigClusterResolver - Resolving eureka endpoints via configuration
2018-10-24 10:05:07.787 [main] INFO  com.netflix.discovery.DiscoveryClient - Disable delta property : false
2018-10-24 10:05:07.787 [main] INFO  com.netflix.discovery.DiscoveryClient - Single vip registry refresh property : null
2018-10-24 10:05:07.787 [main] INFO  com.netflix.discovery.DiscoveryClient - Force full registry fetch : false
2018-10-24 10:05:07.787 [main] INFO  com.netflix.discovery.DiscoveryClient - Application is null : false
2018-10-24 10:05:07.787 [main] INFO  com.netflix.discovery.DiscoveryClient - Registered Applications size is zero : true
2018-10-24 10:05:07.787 [main] INFO  com.netflix.discovery.DiscoveryClient - Application version is -1: true
2018-10-24 10:05:07.787 [main] INFO  com.netflix.discovery.DiscoveryClient - Getting all instance registry info from the eureka server
2018-10-24 10:05:07.829 [main] INFO  com.netflix.discovery.DiscoveryClient - Not registering with Eureka server per configuration
2018-10-24 10:05:07.831 [main] INFO  com.netflix.discovery.DiscoveryClient - Discovery Client initialized at timestamp 1540346707831 with initial instances count: 0
2018-10-24 10:05:08.950 [main] INFO  org.springframework.cloud.config.client.ConfigServicePropertySourceLocator - Fetching config from server at: http://localhost:8880/
2018-10-24 10:05:08.999 [main] INFO  com.evshang.registration.UserServiceApplicationApplicationTests - No active profile set, falling back to default profiles: default
2018-10-24 10:05:09.003 [main] INFO  org.springframework.web.context.support.GenericWebApplicationContext - Refreshing org.springframework.web.context.support.GenericWebApplicationContext@788ba63e: startup date [Wed Oct 24 10:05:09 CST 2018]; parent: org.springframework.context.annotation.AnnotationConfigApplicationContext@7aaca91a
2018-10-24 10:05:09.409 [main] INFO  org.springframework.cloud.context.scope.GenericScope - BeanFactory id=e9d6654f-0272-3c3b-901b-9ec9fff21c49
2018-10-24 10:05:09.437 [main] INFO  org.springframework.beans.factory.annotation.AutowiredAnnotationBeanPostProcessor - JSR-330 'javax.inject.Inject' annotation found and supported for autowiring
2018-10-24 10:05:09.543 [main] INFO  org.springframework.context.support.PostProcessorRegistrationDelegate$BeanPostProcessorChecker - Bean 'org.springframework.cloud.autoconfigure.ConfigurationPropertiesRebinderAutoConfiguration' of type [org.springframework.cloud.autoconfigure.ConfigurationPropertiesRebinderAutoConfiguration$$EnhancerBySpringCGLIB$$a0c38393] is not eligible for getting processed by all BeanPostProcessors (for example: not eligible for auto-proxying)
2018-10-24 10:05:09.849 [main] INFO  org.springframework.web.servlet.mvc.method.annotation.RequestMappingHandlerMapping - Mapped "{[/userDetails/{userId}],methods=[GET]}" onto public java.lang.String com.evshang.controller.UserController.userDetails(java.lang.String)
2018-10-24 10:05:09.850 [main] INFO  org.springframework.web.servlet.mvc.method.annotation.RequestMappingHandlerMapping - Mapped "{[/v2/api-docs],methods=[GET]}" onto public org.springframework.http.ResponseEntity<springfox.documentation.spring.web.json.Json> springfox.documentation.swagger2.web.Swagger2Controller.getDocumentation(java.lang.String)
2018-10-24 10:05:09.851 [main] INFO  org.springframework.web.servlet.mvc.method.annotation.RequestMappingHandlerMapping - Mapped "{[/configuration/security]}" onto org.springframework.http.ResponseEntity<springfox.documentation.swagger.web.SecurityConfiguration> springfox.documentation.swagger.web.ApiResourceController.securityConfiguration()
2018-10-24 10:05:09.851 [main] INFO  org.springframework.web.servlet.mvc.method.annotation.RequestMappingHandlerMapping - Mapped "{[/configuration/ui]}" onto org.springframework.http.ResponseEntity<springfox.documentation.swagger.web.UiConfiguration> springfox.documentation.swagger.web.ApiResourceController.uiConfiguration()
2018-10-24 10:05:09.851 [main] INFO  org.springframework.web.servlet.mvc.method.annotation.RequestMappingHandlerMapping - Mapped "{[/swagger-resources]}" onto org.springframework.http.ResponseEntity<java.util.List<springfox.documentation.swagger.web.SwaggerResource>> springfox.documentation.swagger.web.ApiResourceController.swaggerResources()
2018-10-24 10:05:09.853 [main] INFO  org.springframework.web.servlet.mvc.method.annotation.RequestMappingHandlerMapping - Mapped "{[/error],produces=[text/html]}" onto public org.springframework.web.servlet.ModelAndView org.springframework.boot.autoconfigure.web.BasicErrorController.errorHtml(javax.servlet.http.HttpServletRequest,javax.servlet.http.HttpServletResponse)
2018-10-24 10:05:09.854 [main] INFO  org.springframework.web.servlet.mvc.method.annotation.RequestMappingHandlerMapping - Mapped "{[/error]}" onto public org.springframework.http.ResponseEntity<java.util.Map<java.lang.String, java.lang.Object>> org.springframework.boot.autoconfigure.web.BasicErrorController.error(javax.servlet.http.HttpServletRequest)
2018-10-24 10:05:10.055 [main] INFO  com.netflix.config.sources.URLConfigurationSource - To enable URLs as dynamic configuration sources, define System property archaius.configurationSource.additionalUrls or make config.properties available on classpath.
2018-10-24 10:05:10.059 [main] INFO  com.netflix.config.sources.URLConfigurationSource - To enable URLs as dynamic configuration sources, define System property archaius.configurationSource.additionalUrls or make config.properties available on classpath.
2018-10-24 10:05:10.157 [main] INFO  org.springframework.web.servlet.mvc.method.annotation.RequestMappingHandlerAdapter - Looking for @ControllerAdvice: org.springframework.web.context.support.GenericWebApplicationContext@788ba63e: startup date [Wed Oct 24 10:05:09 CST 2018]; parent: org.springframework.context.annotation.AnnotationConfigApplicationContext@7aaca91a
2018-10-24 10:05:10.193 [main] INFO  org.springframework.web.servlet.handler.SimpleUrlHandlerMapping - Mapped URL path [/webjars/**] onto handler of type [class org.springframework.web.servlet.resource.ResourceHttpRequestHandler]
2018-10-24 10:05:10.193 [main] INFO  org.springframework.web.servlet.handler.SimpleUrlHandlerMapping - Mapped URL path [/**] onto handler of type [class org.springframework.web.servlet.resource.ResourceHttpRequestHandler]
2018-10-24 10:05:10.220 [main] INFO  org.springframework.web.servlet.handler.SimpleUrlHandlerMapping - Mapped URL path [/**/favicon.ico] onto handler of type [class org.springframework.web.servlet.resource.ResourceHttpRequestHandler]
2018-10-24 10:05:11.312 [main] INFO  org.springframework.cloud.commons.util.InetUtils - Cannot determine local hostname
2018-10-24 10:05:12.452 [main] INFO  org.springframework.cloud.commons.util.InetUtils - Cannot determine local hostname
2018-10-24 10:05:12.548 [main] INFO  com.netflix.discovery.DiscoveryClient - Shutting down DiscoveryClient ...
2018-10-24 10:05:12.554 [main] INFO  com.netflix.discovery.DiscoveryClient - Completed shut down of DiscoveryClient
2018-10-24 10:05:12.620 [main] INFO  org.springframework.context.support.DefaultLifecycleProcessor - Starting beans in phase 0
2018-10-24 10:05:12.632 [main] INFO  springfox.documentation.spring.web.plugins.DocumentationPluginsBootstrapper - Context refreshed
2018-10-24 10:05:12.642 [main] INFO  springfox.documentation.spring.web.plugins.DocumentationPluginsBootstrapper - Found {0} custom documentation plugin(s)
2018-10-24 10:05:12.647 [main] INFO  springfox.documentation.spring.web.scanners.ApiListingReferenceScanner - Scanning for api listing references
2018-10-24 10:05:12.649 [main] INFO  springfox.documentation.swagger.web.ClassOrApiAnnotationResourceGrouping - Group for method errorHtml was basic-error-controller
2018-10-24 10:05:12.650 [main] INFO  springfox.documentation.spring.web.scanners.ApiListingReferenceScanner - Request mapping: errorHtml belongs to groups: [[ResourceGroup{groupName='basic-error-controller', position=0, controller=org.springframework.boot.autoconfigure.web.BasicErrorController}]] 
2018-10-24 10:05:12.651 [main] INFO  springfox.documentation.swagger.web.ClassOrApiAnnotationResourceGrouping - Group for method error was basic-error-controller
2018-10-24 10:05:12.651 [main] INFO  springfox.documentation.spring.web.scanners.ApiListingReferenceScanner - Request mapping: error belongs to groups: [[ResourceGroup{groupName='basic-error-controller', position=0, controller=org.springframework.boot.autoconfigure.web.BasicErrorController}]] 
2018-10-24 10:05:12.651 [main] INFO  springfox.documentation.swagger.web.ClassOrApiAnnotationResourceGrouping - Group for method userDetails was user-controller
2018-10-24 10:05:12.651 [main] INFO  springfox.documentation.spring.web.scanners.ApiListingReferenceScanner - Request mapping: userDetails belongs to groups: [[ResourceGroup{groupName='user-controller', position=0, controller=com.evshang.controller.UserController}]] 
2018-10-24 10:05:12.653 [main] INFO  springfox.documentation.spring.web.scanners.ApiListingReferenceScanner - Created resource listing Path: /default/basic-error-controller Description: basic-error-controller Position: 0
2018-10-24 10:05:12.654 [main] INFO  springfox.documentation.spring.web.scanners.ApiListingReferenceScanner - Created resource listing Path: /default/user-controller Description: user-controller Position: 0
2018-10-24 10:05:12.665 [main] INFO  springfox.documentation.schema.ModelContextKeyGenerator - Cache Key Generated: java.util.Map<java.lang.String,java.lang.Object>(true)
2018-10-24 10:05:12.665 [main] INFO  springfox.documentation.spring.web.caching.CachingAspect - Caching aspect applied for cache models with key java.util.Map<java.lang.String,java.lang.Object>(true)
2018-10-24 10:05:12.671 [main] INFO  springfox.documentation.schema.ModelContextKeyGenerator - Cache Key Generated: java.util.Map<java.lang.String,java.lang.Object>(true)
2018-10-24 10:05:12.671 [main] INFO  springfox.documentation.spring.web.caching.CachingAspect - Caching aspect applied for cache modelDependencies with key java.util.Map<java.lang.String,java.lang.Object>(true)
2018-10-24 10:05:12.677 [main] INFO  springfox.documentation.spring.web.OperationsKeyGenerator - Cache key generated: /error.org.springframework.boot.autoconfigure.web.BasicErrorController.error.DefaultGenericTypeNamingStrategy
2018-10-24 10:05:12.677 [main] INFO  springfox.documentation.spring.web.caching.CachingAspect - Caching aspect applied for cache operations with key /error.org.springframework.boot.autoconfigure.web.BasicErrorController.error.DefaultGenericTypeNamingStrategy
2018-10-24 10:05:12.685 [main] INFO  springfox.documentation.swagger.web.ClassOrApiAnnotationResourceGrouping - Group for method error was basic-error-controller
2018-10-24 10:05:12.687 [main] INFO  springfox.documentation.swagger.web.ClassOrApiAnnotationResourceGrouping - Group for method error was basic-error-controller
2018-10-24 10:05:12.689 [main] INFO  springfox.documentation.swagger.web.ClassOrApiAnnotationResourceGrouping - Group for method error was basic-error-controller
2018-10-24 10:05:12.690 [main] INFO  springfox.documentation.swagger.web.ClassOrApiAnnotationResourceGrouping - Group for method error was basic-error-controller
2018-10-24 10:05:12.691 [main] INFO  springfox.documentation.swagger.web.ClassOrApiAnnotationResourceGrouping - Group for method error was basic-error-controller
2018-10-24 10:05:12.691 [main] INFO  springfox.documentation.swagger.web.ClassOrApiAnnotationResourceGrouping - Group for method error was basic-error-controller
2018-10-24 10:05:12.692 [main] INFO  springfox.documentation.swagger.web.ClassOrApiAnnotationResourceGrouping - Group for method error was basic-error-controller
2018-10-24 10:05:12.693 [main] INFO  springfox.documentation.swagger.web.ClassOrApiAnnotationResourceGrouping - Group for method error was basic-error-controller
2018-10-24 10:05:12.693 [main] INFO  springfox.documentation.swagger.web.ClassOrApiAnnotationResourceGrouping - Group for method error was basic-error-controller
2018-10-24 10:05:12.694 [main] INFO  springfox.documentation.swagger.web.ClassOrApiAnnotationResourceGrouping - Group for method error was basic-error-controller
2018-10-24 10:05:12.694 [main] INFO  springfox.documentation.swagger.web.ClassOrApiAnnotationResourceGrouping - Group for method error was basic-error-controller
2018-10-24 10:05:12.695 [main] INFO  springfox.documentation.swagger.web.ClassOrApiAnnotationResourceGrouping - Group for method error was basic-error-controller
2018-10-24 10:05:12.695 [main] INFO  springfox.documentation.swagger.web.ClassOrApiAnnotationResourceGrouping - Group for method error was basic-error-controller
2018-10-24 10:05:12.696 [main] INFO  springfox.documentation.swagger.web.ClassOrApiAnnotationResourceGrouping - Group for method error was basic-error-controller
2018-10-24 10:05:12.696 [main] INFO  springfox.documentation.swagger.web.ClassOrApiAnnotationResourceGrouping - Group for method error was basic-error-controller
2018-10-24 10:05:12.697 [main] INFO  springfox.documentation.swagger.web.ClassOrApiAnnotationResourceGrouping - Group for method error was basic-error-controller
2018-10-24 10:05:12.699 [main] INFO  springfox.documentation.schema.ModelContextKeyGenerator - Cache Key Generated: org.springframework.web.servlet.ModelAndView(true)
2018-10-24 10:05:12.699 [main] INFO  springfox.documentation.spring.web.caching.CachingAspect - Caching aspect applied for cache models with key org.springframework.web.servlet.ModelAndView(true)
2018-10-24 10:05:12.700 [main] INFO  springfox.documentation.schema.property.ModelPropertiesKeyGenerator - Cache key generated: org.springframework.web.servlet.ModelAndView(true)
2018-10-24 10:05:12.700 [main] INFO  springfox.documentation.spring.web.caching.CachingAspect - Caching aspect applied for cache modelProperties with key org.springframework.web.servlet.ModelAndView(true)
2018-10-24 10:05:12.708 [main] INFO  springfox.documentation.schema.ModelContextKeyGenerator - Cache Key Generated: org.springframework.web.servlet.ModelAndView(true)
2018-10-24 10:05:12.708 [main] INFO  springfox.documentation.spring.web.caching.CachingAspect - Caching aspect applied for cache modelDependencies with key org.springframework.web.servlet.ModelAndView(true)
2018-10-24 10:05:12.708 [main] INFO  springfox.documentation.schema.property.ModelPropertiesKeyGenerator - Cache key generated: org.springframework.web.servlet.ModelAndView(true)
2018-10-24 10:05:12.709 [main] INFO  springfox.documentation.spring.web.caching.CachingAspect - Caching aspect applied for cache modelProperties with key org.springframework.web.servlet.ModelAndView(true)
2018-10-24 10:05:12.709 [main] INFO  springfox.documentation.schema.property.ModelPropertiesKeyGenerator - Cache key generated: org.springframework.web.servlet.View(true)
2018-10-24 10:05:12.709 [main] INFO  springfox.documentation.spring.web.caching.CachingAspect - Caching aspect applied for cache modelProperties with key org.springframework.web.servlet.View(true)
2018-10-24 10:05:12.710 [main] INFO  springfox.documentation.schema.property.ModelPropertiesKeyGenerator - Cache key generated: org.springframework.web.servlet.View(true)
2018-10-24 10:05:12.710 [main] INFO  springfox.documentation.spring.web.caching.CachingAspect - Caching aspect applied for cache modelProperties with key org.springframework.web.servlet.View(true)
2018-10-24 10:05:12.710 [main] INFO  springfox.documentation.spring.web.OperationsKeyGenerator - Cache key generated: /error.org.springframework.boot.autoconfigure.web.BasicErrorController.errorHtml.DefaultGenericTypeNamingStrategy
2018-10-24 10:05:12.710 [main] INFO  springfox.documentation.spring.web.caching.CachingAspect - Caching aspect applied for cache operations with key /error.org.springframework.boot.autoconfigure.web.BasicErrorController.errorHtml.DefaultGenericTypeNamingStrategy
2018-10-24 10:05:12.711 [main] INFO  springfox.documentation.swagger.web.ClassOrApiAnnotationResourceGrouping - Group for method errorHtml was basic-error-controller
2018-10-24 10:05:12.711 [main] INFO  springfox.documentation.swagger.web.ClassOrApiAnnotationResourceGrouping - Group for method errorHtml was basic-error-controller
2018-10-24 10:05:12.712 [main] INFO  springfox.documentation.swagger.web.ClassOrApiAnnotationResourceGrouping - Group for method errorHtml was basic-error-controller
2018-10-24 10:05:12.712 [main] INFO  springfox.documentation.swagger.web.ClassOrApiAnnotationResourceGrouping - Group for method errorHtml was basic-error-controller
2018-10-24 10:05:12.712 [main] INFO  springfox.documentation.swagger.web.ClassOrApiAnnotationResourceGrouping - Group for method errorHtml was basic-error-controller
2018-10-24 10:05:12.713 [main] INFO  springfox.documentation.swagger.web.ClassOrApiAnnotationResourceGrouping - Group for method errorHtml was basic-error-controller
2018-10-24 10:05:12.713 [main] INFO  springfox.documentation.swagger.web.ClassOrApiAnnotationResourceGrouping - Group for method errorHtml was basic-error-controller
2018-10-24 10:05:12.714 [main] INFO  springfox.documentation.swagger.web.ClassOrApiAnnotationResourceGrouping - Group for method errorHtml was basic-error-controller
2018-10-24 10:05:12.714 [main] INFO  springfox.documentation.swagger.web.ClassOrApiAnnotationResourceGrouping - Group for method errorHtml was basic-error-controller
2018-10-24 10:05:12.714 [main] INFO  springfox.documentation.swagger.web.ClassOrApiAnnotationResourceGrouping - Group for method errorHtml was basic-error-controller
2018-10-24 10:05:12.715 [main] INFO  springfox.documentation.swagger.web.ClassOrApiAnnotationResourceGrouping - Group for method errorHtml was basic-error-controller
2018-10-24 10:05:12.715 [main] INFO  springfox.documentation.swagger.web.ClassOrApiAnnotationResourceGrouping - Group for method errorHtml was basic-error-controller
2018-10-24 10:05:12.716 [main] INFO  springfox.documentation.swagger.web.ClassOrApiAnnotationResourceGrouping - Group for method errorHtml was basic-error-controller
2018-10-24 10:05:12.716 [main] INFO  springfox.documentation.swagger.web.ClassOrApiAnnotationResourceGrouping - Group for method errorHtml was basic-error-controller
2018-10-24 10:05:12.716 [main] INFO  springfox.documentation.swagger.web.ClassOrApiAnnotationResourceGrouping - Group for method errorHtml was basic-error-controller
2018-10-24 10:05:12.717 [main] INFO  springfox.documentation.swagger.web.ClassOrApiAnnotationResourceGrouping - Group for method errorHtml was basic-error-controller
2018-10-24 10:05:12.725 [main] INFO  springfox.documentation.schema.ModelContextKeyGenerator - Cache Key Generated: java.lang.String(true)
2018-10-24 10:05:12.725 [main] INFO  springfox.documentation.spring.web.caching.CachingAspect - Caching aspect applied for cache models with key java.lang.String(true)
2018-10-24 10:05:12.726 [main] INFO  springfox.documentation.schema.ModelContextKeyGenerator - Cache Key Generated: java.lang.String(true)
2018-10-24 10:05:12.726 [main] INFO  springfox.documentation.spring.web.caching.CachingAspect - Caching aspect applied for cache modelDependencies with key java.lang.String(true)
2018-10-24 10:05:12.726 [main] INFO  springfox.documentation.spring.web.OperationsKeyGenerator - Cache key generated: /userDetails/{userId}.com.evshang.controller.UserController.userDetails.DefaultGenericTypeNamingStrategy
2018-10-24 10:05:12.726 [main] INFO  springfox.documentation.spring.web.caching.CachingAspect - Caching aspect applied for cache operations with key /userDetails/{userId}.com.evshang.controller.UserController.userDetails.DefaultGenericTypeNamingStrategy
2018-10-24 10:05:12.729 [main] INFO  springfox.documentation.swagger.web.ClassOrApiAnnotationResourceGrouping - Group for method userDetails was user-controller
2018-10-24 10:05:12.730 [main] INFO  springfox.documentation.swagger.web.ClassOrApiAnnotationResourceGrouping - Group for method userDetails was user-controller
2018-10-24 10:05:12.738 [main] INFO  com.evshang.registration.UserServiceApplicationApplicationTests - Started UserServiceApplicationApplicationTests in 8.023 seconds (JVM running for 8.557)
2018-10-24 10:05:12.769 [Thread-5] INFO  org.springframework.web.context.support.GenericWebApplicationContext - Closing org.springframework.web.context.support.GenericWebApplicationContext@788ba63e: startup date [Wed Oct 24 10:05:09 CST 2018]; parent: org.springframework.context.annotation.AnnotationConfigApplicationContext@7aaca91a
2018-10-24 10:05:12.772 [Thread-5] INFO  org.springframework.cloud.netflix.eureka.InstanceInfoFactory - Setting initial instance status as: STARTING
2018-10-24 10:05:12.772 [Thread-5] INFO  org.springframework.cloud.netflix.eureka.serviceregistry.EurekaServiceRegistry - Unregistering application evshang-user-service with eureka with status DOWN
2018-10-24 10:05:12.773 [Thread-5] INFO  org.springframework.context.support.DefaultLifecycleProcessor - Stopping beans in phase 0
