2018-10-24 10:07:30.927 [main] INFO  org.springframework.context.annotation.AnnotationConfigApplicationContext - Refreshing org.springframework.context.annotation.AnnotationConfigApplicationContext@26275bef: startup date [Wed Oct 24 10:07:30 CST 2018]; root of context hierarchy
2018-10-24 10:07:31.081 [background-preinit] INFO  org.hibernate.validator.internal.util.Version - HV000001: Hibernate Validator 5.3.6.Final
2018-10-24 10:07:31.167 [main] INFO  org.springframework.beans.factory.annotation.AutowiredAnnotationBeanPostProcessor - JSR-330 'javax.inject.Inject' annotation found and supported for autowiring
2018-10-24 10:07:31.190 [main] INFO  org.springframework.context.support.PostProcessorRegistrationDelegate$BeanPostProcessorChecker - Bean 'configurationPropertiesRebinderAutoConfiguration' of type [org.springframework.cloud.autoconfigure.ConfigurationPropertiesRebinderAutoConfiguration$$EnhancerBySpringCGLIB$$84349a4a] is not eligible for getting processed by all BeanPostProcessors (for example: not eligible for auto-proxying)
2018-10-24 10:07:32.341 [main] INFO  org.springframework.cloud.commons.util.InetUtils - Cannot determine local hostname
2018-10-24 10:07:32.384 [main] INFO  org.springframework.cloud.netflix.eureka.InstanceInfoFactory - Setting initial instance status as: STARTING
2018-10-24 10:07:32.436 [main] INFO  com.netflix.discovery.DiscoveryClient - Initializing Eureka in region us-east-1
2018-10-24 10:07:32.573 [main] INFO  com.netflix.discovery.provider.DiscoveryJerseyProvider - Using JSON encoding codec LegacyJacksonJson
2018-10-24 10:07:32.573 [main] INFO  com.netflix.discovery.provider.DiscoveryJerseyProvider - Using JSON decoding codec LegacyJacksonJson
2018-10-24 10:07:32.652 [main] INFO  com.netflix.discovery.provider.DiscoveryJerseyProvider - Using XML encoding codec XStreamXml
2018-10-24 10:07:32.652 [main] INFO  com.netflix.discovery.provider.DiscoveryJerseyProvider - Using XML decoding codec XStreamXml
2018-10-24 10:07:32.749 [main] INFO  com.netflix.discovery.shared.resolver.aws.ConfigClusterResolver - Resolving eureka endpoints via configuration
2018-10-24 10:07:32.760 [main] INFO  com.netflix.discovery.DiscoveryClient - Disable delta property : false
2018-10-24 10:07:32.760 [main] INFO  com.netflix.discovery.DiscoveryClient - Single vip registry refresh property : null
2018-10-24 10:07:32.760 [main] INFO  com.netflix.discovery.DiscoveryClient - Force full registry fetch : false
2018-10-24 10:07:32.760 [main] INFO  com.netflix.discovery.DiscoveryClient - Application is null : false
2018-10-24 10:07:32.760 [main] INFO  com.netflix.discovery.DiscoveryClient - Registered Applications size is zero : true
2018-10-24 10:07:32.760 [main] INFO  com.netflix.discovery.DiscoveryClient - Application version is -1: true
2018-10-24 10:07:32.760 [main] INFO  com.netflix.discovery.DiscoveryClient - Getting all instance registry info from the eureka server
2018-10-24 10:07:32.912 [main] INFO  com.netflix.discovery.DiscoveryClient - The response status is 200
2018-10-24 10:07:32.913 [main] INFO  com.netflix.discovery.DiscoveryClient - Not registering with Eureka server per configuration
2018-10-24 10:07:32.916 [main] INFO  com.netflix.discovery.DiscoveryClient - Discovery Client initialized at timestamp 1540346852915 with initial instances count: 0
2018-10-24 10:07:34.013 [main] INFO  org.springframework.cloud.config.client.ConfigServicePropertySourceLocator - Fetching config from server at: http://localhost:8880/
2018-10-24 10:07:34.056 [main] INFO  com.evshang.UserServiceApplication - No active profile set, falling back to default profiles: default
2018-10-24 10:07:34.064 [main] INFO  org.springframework.boot.context.embedded.AnnotationConfigEmbeddedWebApplicationContext - Refreshing org.springframework.boot.context.embedded.AnnotationConfigEmbeddedWebApplicationContext@56da7487: startup date [Wed Oct 24 10:07:34 CST 2018]; parent: org.springframework.context.annotation.AnnotationConfigApplicationContext@26275bef
2018-10-24 10:07:34.490 [main] INFO  org.springframework.cloud.context.scope.GenericScope - BeanFactory id=cd89736b-3494-3432-b608-44ad1e0694fe
2018-10-24 10:07:34.498 [main] INFO  org.springframework.beans.factory.annotation.AutowiredAnnotationBeanPostProcessor - JSR-330 'javax.inject.Inject' annotation found and supported for autowiring
2018-10-24 10:07:34.606 [main] INFO  org.springframework.context.support.PostProcessorRegistrationDelegate$BeanPostProcessorChecker - Bean 'org.springframework.cloud.autoconfigure.ConfigurationPropertiesRebinderAutoConfiguration' of type [org.springframework.cloud.autoconfigure.ConfigurationPropertiesRebinderAutoConfiguration$$EnhancerBySpringCGLIB$$84349a4a] is not eligible for getting processed by all BeanPostProcessors (for example: not eligible for auto-proxying)
2018-10-24 10:07:34.782 [main] INFO  org.springframework.boot.context.embedded.tomcat.TomcatEmbeddedServletContainer - Tomcat initialized with port(s): 8888 (http)
2018-10-24 10:07:34.792 [main] INFO  org.apache.coyote.http11.Http11NioProtocol - Initializing ProtocolHandler ["http-nio-8888"]
2018-10-24 10:07:34.799 [main] INFO  org.apache.catalina.core.StandardService - Starting service [Tomcat]
2018-10-24 10:07:34.800 [main] INFO  org.apache.catalina.core.StandardEngine - Starting Servlet Engine: Apache Tomcat/8.5.34
2018-10-24 10:07:34.902 [localhost-startStop-1] INFO  org.apache.catalina.core.ContainerBase.[Tomcat].[localhost].[/] - Initializing Spring embedded WebApplicationContext
2018-10-24 10:07:34.903 [localhost-startStop-1] INFO  org.springframework.web.context.ContextLoader - Root WebApplicationContext: initialization completed in 839 ms
2018-10-24 10:07:34.997 [localhost-startStop-1] INFO  org.springframework.boot.web.servlet.ServletRegistrationBean - Mapping servlet: 'dispatcherServlet' to [/]
2018-10-24 10:07:35.000 [localhost-startStop-1] INFO  org.springframework.boot.web.servlet.FilterRegistrationBean - Mapping filter: 'characterEncodingFilter' to: [/*]
2018-10-24 10:07:35.000 [localhost-startStop-1] INFO  org.springframework.boot.web.servlet.FilterRegistrationBean - Mapping filter: 'hiddenHttpMethodFilter' to: [/*]
2018-10-24 10:07:35.000 [localhost-startStop-1] INFO  org.springframework.boot.web.servlet.FilterRegistrationBean - Mapping filter: 'httpPutFormContentFilter' to: [/*]
2018-10-24 10:07:35.000 [localhost-startStop-1] INFO  org.springframework.boot.web.servlet.FilterRegistrationBean - Mapping filter: 'requestContextFilter' to: [/*]
2018-10-24 10:07:35.319 [main] INFO  org.springframework.web.servlet.mvc.method.annotation.RequestMappingHandlerMapping - Mapped "{[/userDetails/{userId}],methods=[GET]}" onto public com.evshang.entity.User com.evshang.controller.UserController.userDetails(java.lang.String)
2018-10-24 10:07:35.320 [main] INFO  org.springframework.web.servlet.mvc.method.annotation.RequestMappingHandlerMapping - Mapped "{[/v2/api-docs],methods=[GET]}" onto public org.springframework.http.ResponseEntity<springfox.documentation.spring.web.json.Json> springfox.documentation.swagger2.web.Swagger2Controller.getDocumentation(java.lang.String)
2018-10-24 10:07:35.321 [main] INFO  org.springframework.web.servlet.mvc.method.annotation.RequestMappingHandlerMapping - Mapped "{[/configuration/security]}" onto org.springframework.http.ResponseEntity<springfox.documentation.swagger.web.SecurityConfiguration> springfox.documentation.swagger.web.ApiResourceController.securityConfiguration()
2018-10-24 10:07:35.321 [main] INFO  org.springframework.web.servlet.mvc.method.annotation.RequestMappingHandlerMapping - Mapped "{[/configuration/ui]}" onto org.springframework.http.ResponseEntity<springfox.documentation.swagger.web.UiConfiguration> springfox.documentation.swagger.web.ApiResourceController.uiConfiguration()
2018-10-24 10:07:35.322 [main] INFO  org.springframework.web.servlet.mvc.method.annotation.RequestMappingHandlerMapping - Mapped "{[/swagger-resources]}" onto org.springframework.http.ResponseEntity<java.util.List<springfox.documentation.swagger.web.SwaggerResource>> springfox.documentation.swagger.web.ApiResourceController.swaggerResources()
2018-10-24 10:07:35.323 [main] INFO  org.springframework.web.servlet.mvc.method.annotation.RequestMappingHandlerMapping - Mapped "{[/error],produces=[text/html]}" onto public org.springframework.web.servlet.ModelAndView org.springframework.boot.autoconfigure.web.BasicErrorController.errorHtml(javax.servlet.http.HttpServletRequest,javax.servlet.http.HttpServletResponse)
2018-10-24 10:07:35.323 [main] INFO  org.springframework.web.servlet.mvc.method.annotation.RequestMappingHandlerMapping - Mapped "{[/error]}" onto public org.springframework.http.ResponseEntity<java.util.Map<java.lang.String, java.lang.Object>> org.springframework.boot.autoconfigure.web.BasicErrorController.error(javax.servlet.http.HttpServletRequest)
2018-10-24 10:07:35.421 [main] INFO  com.netflix.config.sources.URLConfigurationSource - To enable URLs as dynamic configuration sources, define System property archaius.configurationSource.additionalUrls or make config.properties available on classpath.
2018-10-24 10:07:35.425 [main] INFO  com.netflix.config.sources.URLConfigurationSource - To enable URLs as dynamic configuration sources, define System property archaius.configurationSource.additionalUrls or make config.properties available on classpath.
2018-10-24 10:07:35.513 [main] INFO  org.springframework.web.servlet.mvc.method.annotation.RequestMappingHandlerAdapter - Looking for @ControllerAdvice: org.springframework.boot.context.embedded.AnnotationConfigEmbeddedWebApplicationContext@56da7487: startup date [Wed Oct 24 10:07:34 CST 2018]; parent: org.springframework.context.annotation.AnnotationConfigApplicationContext@26275bef
2018-10-24 10:07:35.549 [main] INFO  org.springframework.web.servlet.handler.SimpleUrlHandlerMapping - Mapped URL path [/webjars/**] onto handler of type [class org.springframework.web.servlet.resource.ResourceHttpRequestHandler]
2018-10-24 10:07:35.549 [main] INFO  org.springframework.web.servlet.handler.SimpleUrlHandlerMapping - Mapped URL path [/**] onto handler of type [class org.springframework.web.servlet.resource.ResourceHttpRequestHandler]
2018-10-24 10:07:35.572 [main] INFO  org.springframework.web.servlet.handler.SimpleUrlHandlerMapping - Mapped URL path [/**/favicon.ico] onto handler of type [class org.springframework.web.servlet.resource.ResourceHttpRequestHandler]
2018-10-24 10:07:36.646 [main] INFO  org.springframework.cloud.commons.util.InetUtils - Cannot determine local hostname
2018-10-24 10:07:37.777 [main] INFO  org.springframework.cloud.commons.util.InetUtils - Cannot determine local hostname
2018-10-24 10:07:37.897 [main] INFO  com.netflix.discovery.DiscoveryClient - Shutting down DiscoveryClient ...
2018-10-24 10:07:37.902 [main] INFO  com.netflix.discovery.DiscoveryClient - Completed shut down of DiscoveryClient
2018-10-24 10:07:37.939 [main] INFO  org.springframework.jmx.export.annotation.AnnotationMBeanExporter - Registering beans for JMX exposure on startup
2018-10-24 10:07:37.945 [main] INFO  org.springframework.jmx.export.annotation.AnnotationMBeanExporter - Bean with name 'configurationPropertiesRebinder' has been autodetected for JMX exposure
2018-10-24 10:07:37.945 [main] INFO  org.springframework.jmx.export.annotation.AnnotationMBeanExporter - Bean with name 'environmentManager' has been autodetected for JMX exposure
2018-10-24 10:07:37.946 [main] INFO  org.springframework.jmx.export.annotation.AnnotationMBeanExporter - Bean with name 'refreshScope' has been autodetected for JMX exposure
2018-10-24 10:07:37.947 [main] INFO  org.springframework.jmx.export.annotation.AnnotationMBeanExporter - Located managed bean 'environmentManager': registering with JMX server as MBean [org.springframework.cloud.context.environment:name=environmentManager,type=EnvironmentManager]
2018-10-24 10:07:37.958 [main] INFO  org.springframework.jmx.export.annotation.AnnotationMBeanExporter - Located managed bean 'refreshScope': registering with JMX server as MBean [org.springframework.cloud.context.scope.refresh:name=refreshScope,type=RefreshScope]
2018-10-24 10:07:37.966 [main] INFO  org.springframework.jmx.export.annotation.AnnotationMBeanExporter - Located managed bean 'configurationPropertiesRebinder': registering with JMX server as MBean [org.springframework.cloud.context.properties:name=configurationPropertiesRebinder,context=56da7487,type=ConfigurationPropertiesRebinder]
2018-10-24 10:07:37.998 [main] INFO  org.springframework.context.support.DefaultLifecycleProcessor - Starting beans in phase 0
2018-10-24 10:07:38.007 [main] INFO  org.springframework.cloud.netflix.eureka.InstanceInfoFactory - Setting initial instance status as: STARTING
2018-10-24 10:07:38.010 [main] INFO  com.netflix.discovery.DiscoveryClient - Initializing Eureka in region us-east-1
2018-10-24 10:07:38.013 [main] INFO  com.netflix.discovery.provider.DiscoveryJerseyProvider - Using JSON encoding codec LegacyJacksonJson
2018-10-24 10:07:38.013 [main] INFO  com.netflix.discovery.provider.DiscoveryJerseyProvider - Using JSON decoding codec LegacyJacksonJson
2018-10-24 10:07:38.013 [main] INFO  com.netflix.discovery.provider.DiscoveryJerseyProvider - Using XML encoding codec XStreamXml
2018-10-24 10:07:38.013 [main] INFO  com.netflix.discovery.provider.DiscoveryJerseyProvider - Using XML decoding codec XStreamXml
2018-10-24 10:07:38.068 [main] INFO  com.netflix.discovery.shared.resolver.aws.ConfigClusterResolver - Resolving eureka endpoints via configuration
2018-10-24 10:07:38.068 [main] INFO  com.netflix.discovery.DiscoveryClient - Disable delta property : false
2018-10-24 10:07:38.069 [main] INFO  com.netflix.discovery.DiscoveryClient - Single vip registry refresh property : null
2018-10-24 10:07:38.069 [main] INFO  com.netflix.discovery.DiscoveryClient - Force full registry fetch : false
2018-10-24 10:07:38.069 [main] INFO  com.netflix.discovery.DiscoveryClient - Application is null : false
2018-10-24 10:07:38.069 [main] INFO  com.netflix.discovery.DiscoveryClient - Registered Applications size is zero : true
2018-10-24 10:07:38.069 [main] INFO  com.netflix.discovery.DiscoveryClient - Application version is -1: true
2018-10-24 10:07:38.069 [main] INFO  com.netflix.discovery.DiscoveryClient - Getting all instance registry info from the eureka server
2018-10-24 10:07:38.072 [main] INFO  com.netflix.discovery.DiscoveryClient - The response status is 200
2018-10-24 10:07:38.073 [main] INFO  com.netflix.discovery.DiscoveryClient - Starting heartbeat executor: renew interval is: 30
2018-10-24 10:07:38.074 [main] INFO  com.netflix.discovery.InstanceInfoReplicator - InstanceInfoReplicator onDemand update allowed rate per min is 4
2018-10-24 10:07:38.075 [main] INFO  com.netflix.discovery.DiscoveryClient - Discovery Client initialized at timestamp 1540346858075 with initial instances count: 0
2018-10-24 10:07:38.076 [main] INFO  org.springframework.cloud.netflix.eureka.serviceregistry.EurekaServiceRegistry - Registering application evshang-user-service with eureka with status UP
2018-10-24 10:07:38.077 [main] INFO  com.netflix.discovery.DiscoveryClient - Saw local status change event StatusChangeEvent [timestamp=1540346858077, current=UP, previous=STARTING]
2018-10-24 10:07:38.079 [DiscoveryClient-InstanceInfoReplicator-0] INFO  com.netflix.discovery.DiscoveryClient - DiscoveryClient_EVSHANG-USER-SERVICE/localhost:evshang-user-service:8888: registering service...
2018-10-24 10:07:38.086 [main] INFO  springfox.documentation.spring.web.plugins.DocumentationPluginsBootstrapper - Context refreshed
2018-10-24 10:07:38.096 [main] INFO  springfox.documentation.spring.web.plugins.DocumentationPluginsBootstrapper - Found {0} custom documentation plugin(s)
2018-10-24 10:07:38.100 [main] INFO  springfox.documentation.spring.web.scanners.ApiListingReferenceScanner - Scanning for api listing references
2018-10-24 10:07:38.102 [main] INFO  springfox.documentation.swagger.web.ClassOrApiAnnotationResourceGrouping - Group for method errorHtml was basic-error-controller
2018-10-24 10:07:38.103 [main] INFO  springfox.documentation.spring.web.scanners.ApiListingReferenceScanner - Request mapping: errorHtml belongs to groups: [[ResourceGroup{groupName='basic-error-controller', position=0, controller=org.springframework.boot.autoconfigure.web.BasicErrorController}]] 
2018-10-24 10:07:38.104 [main] INFO  springfox.documentation.swagger.web.ClassOrApiAnnotationResourceGrouping - Group for method error was basic-error-controller
2018-10-24 10:07:38.104 [main] INFO  springfox.documentation.spring.web.scanners.ApiListingReferenceScanner - Request mapping: error belongs to groups: [[ResourceGroup{groupName='basic-error-controller', position=0, controller=org.springframework.boot.autoconfigure.web.BasicErrorController}]] 
2018-10-24 10:07:38.104 [main] INFO  springfox.documentation.swagger.web.ClassOrApiAnnotationResourceGrouping - Group for method userDetails was user-controller
2018-10-24 10:07:38.104 [main] INFO  springfox.documentation.spring.web.scanners.ApiListingReferenceScanner - Request mapping: userDetails belongs to groups: [[ResourceGroup{groupName='user-controller', position=0, controller=com.evshang.controller.UserController}]] 
2018-10-24 10:07:38.107 [main] INFO  springfox.documentation.spring.web.scanners.ApiListingReferenceScanner - Created resource listing Path: /default/user-controller Description: user-controller Position: 0
2018-10-24 10:07:38.107 [main] INFO  springfox.documentation.spring.web.scanners.ApiListingReferenceScanner - Created resource listing Path: /default/basic-error-controller Description: basic-error-controller Position: 0
2018-10-24 10:07:38.118 [main] INFO  springfox.documentation.schema.ModelContextKeyGenerator - Cache Key Generated: java.util.Map<java.lang.String,java.lang.Object>(true)
2018-10-24 10:07:38.118 [main] INFO  springfox.documentation.spring.web.caching.CachingAspect - Caching aspect applied for cache models with key java.util.Map<java.lang.String,java.lang.Object>(true)
2018-10-24 10:07:38.137 [main] INFO  springfox.documentation.schema.ModelContextKeyGenerator - Cache Key Generated: java.util.Map<java.lang.String,java.lang.Object>(true)
2018-10-24 10:07:38.137 [main] INFO  springfox.documentation.spring.web.caching.CachingAspect - Caching aspect applied for cache modelDependencies with key java.util.Map<java.lang.String,java.lang.Object>(true)
2018-10-24 10:07:38.140 [main] INFO  springfox.documentation.spring.web.OperationsKeyGenerator - Cache key generated: /error.org.springframework.boot.autoconfigure.web.BasicErrorController.error.DefaultGenericTypeNamingStrategy
2018-10-24 10:07:38.140 [main] INFO  springfox.documentation.spring.web.caching.CachingAspect - Caching aspect applied for cache operations with key /error.org.springframework.boot.autoconfigure.web.BasicErrorController.error.DefaultGenericTypeNamingStrategy
2018-10-24 10:07:38.147 [main] INFO  springfox.documentation.swagger.web.ClassOrApiAnnotationResourceGrouping - Group for method error was basic-error-controller
2018-10-24 10:07:38.148 [main] INFO  springfox.documentation.swagger.web.ClassOrApiAnnotationResourceGrouping - Group for method error was basic-error-controller
2018-10-24 10:07:38.150 [main] INFO  springfox.documentation.swagger.web.ClassOrApiAnnotationResourceGrouping - Group for method error was basic-error-controller
2018-10-24 10:07:38.150 [main] INFO  springfox.documentation.swagger.web.ClassOrApiAnnotationResourceGrouping - Group for method error was basic-error-controller
2018-10-24 10:07:38.151 [main] INFO  springfox.documentation.swagger.web.ClassOrApiAnnotationResourceGrouping - Group for method error was basic-error-controller
2018-10-24 10:07:38.151 [main] INFO  springfox.documentation.swagger.web.ClassOrApiAnnotationResourceGrouping - Group for method error was basic-error-controller
2018-10-24 10:07:38.152 [main] INFO  springfox.documentation.swagger.web.ClassOrApiAnnotationResourceGrouping - Group for method error was basic-error-controller
2018-10-24 10:07:38.153 [main] INFO  springfox.documentation.swagger.web.ClassOrApiAnnotationResourceGrouping - Group for method error was basic-error-controller
2018-10-24 10:07:38.153 [main] INFO  springfox.documentation.swagger.web.ClassOrApiAnnotationResourceGrouping - Group for method error was basic-error-controller
2018-10-24 10:07:38.154 [main] INFO  springfox.documentation.swagger.web.ClassOrApiAnnotationResourceGrouping - Group for method error was basic-error-controller
2018-10-24 10:07:38.154 [main] INFO  springfox.documentation.swagger.web.ClassOrApiAnnotationResourceGrouping - Group for method error was basic-error-controller
2018-10-24 10:07:38.154 [main] INFO  springfox.documentation.swagger.web.ClassOrApiAnnotationResourceGrouping - Group for method error was basic-error-controller
2018-10-24 10:07:38.155 [main] INFO  springfox.documentation.swagger.web.ClassOrApiAnnotationResourceGrouping - Group for method error was basic-error-controller
2018-10-24 10:07:38.156 [main] INFO  springfox.documentation.swagger.web.ClassOrApiAnnotationResourceGrouping - Group for method error was basic-error-controller
2018-10-24 10:07:38.156 [main] INFO  springfox.documentation.swagger.web.ClassOrApiAnnotationResourceGrouping - Group for method error was basic-error-controller
2018-10-24 10:07:38.157 [main] INFO  springfox.documentation.swagger.web.ClassOrApiAnnotationResourceGrouping - Group for method error was basic-error-controller
2018-10-24 10:07:38.159 [main] INFO  springfox.documentation.schema.ModelContextKeyGenerator - Cache Key Generated: org.springframework.web.servlet.ModelAndView(true)
2018-10-24 10:07:38.159 [main] INFO  springfox.documentation.spring.web.caching.CachingAspect - Caching aspect applied for cache models with key org.springframework.web.servlet.ModelAndView(true)
2018-10-24 10:07:38.159 [main] INFO  springfox.documentation.schema.property.ModelPropertiesKeyGenerator - Cache key generated: org.springframework.web.servlet.ModelAndView(true)
2018-10-24 10:07:38.159 [main] INFO  springfox.documentation.spring.web.caching.CachingAspect - Caching aspect applied for cache modelProperties with key org.springframework.web.servlet.ModelAndView(true)
2018-10-24 10:07:38.167 [main] INFO  springfox.documentation.schema.ModelContextKeyGenerator - Cache Key Generated: org.springframework.web.servlet.ModelAndView(true)
2018-10-24 10:07:38.167 [main] INFO  springfox.documentation.spring.web.caching.CachingAspect - Caching aspect applied for cache modelDependencies with key org.springframework.web.servlet.ModelAndView(true)
2018-10-24 10:07:38.167 [main] INFO  springfox.documentation.schema.property.ModelPropertiesKeyGenerator - Cache key generated: org.springframework.web.servlet.ModelAndView(true)
2018-10-24 10:07:38.168 [main] INFO  springfox.documentation.spring.web.caching.CachingAspect - Caching aspect applied for cache modelProperties with key org.springframework.web.servlet.ModelAndView(true)
2018-10-24 10:07:38.168 [main] INFO  springfox.documentation.schema.property.ModelPropertiesKeyGenerator - Cache key generated: org.springframework.web.servlet.View(true)
2018-10-24 10:07:38.168 [main] INFO  springfox.documentation.spring.web.caching.CachingAspect - Caching aspect applied for cache modelProperties with key org.springframework.web.servlet.View(true)
2018-10-24 10:07:38.169 [main] INFO  springfox.documentation.schema.property.ModelPropertiesKeyGenerator - Cache key generated: org.springframework.web.servlet.View(true)
2018-10-24 10:07:38.169 [main] INFO  springfox.documentation.spring.web.caching.CachingAspect - Caching aspect applied for cache modelProperties with key org.springframework.web.servlet.View(true)
2018-10-24 10:07:38.169 [main] INFO  springfox.documentation.spring.web.OperationsKeyGenerator - Cache key generated: /error.org.springframework.boot.autoconfigure.web.BasicErrorController.errorHtml.DefaultGenericTypeNamingStrategy
2018-10-24 10:07:38.169 [main] INFO  springfox.documentation.spring.web.caching.CachingAspect - Caching aspect applied for cache operations with key /error.org.springframework.boot.autoconfigure.web.BasicErrorController.errorHtml.DefaultGenericTypeNamingStrategy
2018-10-24 10:07:38.170 [main] INFO  springfox.documentation.swagger.web.ClassOrApiAnnotationResourceGrouping - Group for method errorHtml was basic-error-controller
2018-10-24 10:07:38.170 [main] INFO  springfox.documentation.swagger.web.ClassOrApiAnnotationResourceGrouping - Group for method errorHtml was basic-error-controller
2018-10-24 10:07:38.170 [main] INFO  springfox.documentation.swagger.web.ClassOrApiAnnotationResourceGrouping - Group for method errorHtml was basic-error-controller
2018-10-24 10:07:38.171 [main] INFO  springfox.documentation.swagger.web.ClassOrApiAnnotationResourceGrouping - Group for method errorHtml was basic-error-controller
2018-10-24 10:07:38.171 [main] INFO  springfox.documentation.swagger.web.ClassOrApiAnnotationResourceGrouping - Group for method errorHtml was basic-error-controller
2018-10-24 10:07:38.172 [main] INFO  springfox.documentation.swagger.web.ClassOrApiAnnotationResourceGrouping - Group for method errorHtml was basic-error-controller
2018-10-24 10:07:38.172 [main] INFO  springfox.documentation.swagger.web.ClassOrApiAnnotationResourceGrouping - Group for method errorHtml was basic-error-controller
2018-10-24 10:07:38.172 [main] INFO  springfox.documentation.swagger.web.ClassOrApiAnnotationResourceGrouping - Group for method errorHtml was basic-error-controller
2018-10-24 10:07:38.173 [main] INFO  springfox.documentation.swagger.web.ClassOrApiAnnotationResourceGrouping - Group for method errorHtml was basic-error-controller
2018-10-24 10:07:38.173 [main] INFO  springfox.documentation.swagger.web.ClassOrApiAnnotationResourceGrouping - Group for method errorHtml was basic-error-controller
2018-10-24 10:07:38.173 [main] INFO  springfox.documentation.swagger.web.ClassOrApiAnnotationResourceGrouping - Group for method errorHtml was basic-error-controller
2018-10-24 10:07:38.174 [main] INFO  springfox.documentation.swagger.web.ClassOrApiAnnotationResourceGrouping - Group for method errorHtml was basic-error-controller
2018-10-24 10:07:38.174 [main] INFO  springfox.documentation.swagger.web.ClassOrApiAnnotationResourceGrouping - Group for method errorHtml was basic-error-controller
2018-10-24 10:07:38.175 [main] INFO  springfox.documentation.swagger.web.ClassOrApiAnnotationResourceGrouping - Group for method errorHtml was basic-error-controller
2018-10-24 10:07:38.175 [main] INFO  springfox.documentation.swagger.web.ClassOrApiAnnotationResourceGrouping - Group for method errorHtml was basic-error-controller
2018-10-24 10:07:38.175 [main] INFO  springfox.documentation.swagger.web.ClassOrApiAnnotationResourceGrouping - Group for method errorHtml was basic-error-controller
2018-10-24 10:07:38.183 [DiscoveryClient-InstanceInfoReplicator-0] INFO  com.netflix.discovery.DiscoveryClient - DiscoveryClient_EVSHANG-USER-SERVICE/localhost:evshang-user-service:8888 - registration status: 204
2018-10-24 10:07:38.184 [main] INFO  springfox.documentation.schema.ModelContextKeyGenerator - Cache Key Generated: com.evshang.entity.User(true)
2018-10-24 10:07:38.184 [main] INFO  springfox.documentation.spring.web.caching.CachingAspect - Caching aspect applied for cache models with key com.evshang.entity.User(true)
2018-10-24 10:07:38.184 [main] INFO  springfox.documentation.schema.property.ModelPropertiesKeyGenerator - Cache key generated: com.evshang.entity.User(true)
2018-10-24 10:07:38.184 [main] INFO  springfox.documentation.spring.web.caching.CachingAspect - Caching aspect applied for cache modelProperties with key com.evshang.entity.User(true)
2018-10-24 10:07:38.186 [main] INFO  springfox.documentation.schema.ModelContextKeyGenerator - Cache Key Generated: com.evshang.entity.User(true)
2018-10-24 10:07:38.187 [main] INFO  springfox.documentation.spring.web.caching.CachingAspect - Caching aspect applied for cache modelDependencies with key com.evshang.entity.User(true)
2018-10-24 10:07:38.187 [main] INFO  springfox.documentation.schema.property.ModelPropertiesKeyGenerator - Cache key generated: com.evshang.entity.User(true)
2018-10-24 10:07:38.187 [main] INFO  springfox.documentation.spring.web.caching.CachingAspect - Caching aspect applied for cache modelProperties with key com.evshang.entity.User(true)
2018-10-24 10:07:38.187 [main] INFO  springfox.documentation.spring.web.OperationsKeyGenerator - Cache key generated: /userDetails/{userId}.com.evshang.controller.UserController.userDetails.DefaultGenericTypeNamingStrategy
2018-10-24 10:07:38.187 [main] INFO  springfox.documentation.spring.web.caching.CachingAspect - Caching aspect applied for cache operations with key /userDetails/{userId}.com.evshang.controller.UserController.userDetails.DefaultGenericTypeNamingStrategy
2018-10-24 10:07:38.190 [main] INFO  springfox.documentation.swagger.web.ClassOrApiAnnotationResourceGrouping - Group for method userDetails was user-controller
2018-10-24 10:07:38.190 [main] INFO  springfox.documentation.swagger.web.ClassOrApiAnnotationResourceGrouping - Group for method userDetails was user-controller
2018-10-24 10:07:38.197 [main] INFO  org.apache.coyote.http11.Http11NioProtocol - Starting ProtocolHandler ["http-nio-8888"]
2018-10-24 10:07:38.202 [main] INFO  org.apache.tomcat.util.net.NioSelectorPool - Using a shared selector for servlet write/read
2018-10-24 10:07:38.221 [main] INFO  org.springframework.boot.context.embedded.tomcat.TomcatEmbeddedServletContainer - Tomcat started on port(s): 8888 (http)
2018-10-24 10:07:38.222 [main] INFO  org.springframework.cloud.netflix.eureka.serviceregistry.EurekaAutoServiceRegistration - Updating port to 8888
2018-10-24 10:07:38.224 [main] INFO  com.evshang.UserServiceApplication - Started UserServiceApplication in 8.595 seconds (JVM running for 8.959)
2018-10-24 10:08:08.073 [DiscoveryClient-CacheRefreshExecutor-0] INFO  com.netflix.discovery.DiscoveryClient - Disable delta property : false
2018-10-24 10:08:08.073 [DiscoveryClient-CacheRefreshExecutor-0] INFO  com.netflix.discovery.DiscoveryClient - Single vip registry refresh property : null
2018-10-24 10:08:08.073 [DiscoveryClient-CacheRefreshExecutor-0] INFO  com.netflix.discovery.DiscoveryClient - Force full registry fetch : false
2018-10-24 10:08:08.073 [DiscoveryClient-CacheRefreshExecutor-0] INFO  com.netflix.discovery.DiscoveryClient - Application is null : false
2018-10-24 10:08:08.073 [DiscoveryClient-CacheRefreshExecutor-0] INFO  com.netflix.discovery.DiscoveryClient - Registered Applications size is zero : true
2018-10-24 10:08:08.073 [DiscoveryClient-CacheRefreshExecutor-0] INFO  com.netflix.discovery.DiscoveryClient - Application version is -1: false
2018-10-24 10:08:08.073 [DiscoveryClient-CacheRefreshExecutor-0] INFO  com.netflix.discovery.DiscoveryClient - Getting all instance registry info from the eureka server
2018-10-24 10:08:08.084 [DiscoveryClient-CacheRefreshExecutor-0] INFO  com.netflix.discovery.DiscoveryClient - The response status is 200
2018-10-24 10:12:38.070 [AsyncResolver-bootstrap-executor-0] INFO  com.netflix.discovery.shared.resolver.aws.ConfigClusterResolver - Resolving eureka endpoints via configuration
2018-10-24 10:17:38.071 [AsyncResolver-bootstrap-executor-0] INFO  com.netflix.discovery.shared.resolver.aws.ConfigClusterResolver - Resolving eureka endpoints via configuration
2018-10-24 10:22:38.071 [AsyncResolver-bootstrap-executor-0] INFO  com.netflix.discovery.shared.resolver.aws.ConfigClusterResolver - Resolving eureka endpoints via configuration
2018-10-24 10:27:38.071 [AsyncResolver-bootstrap-executor-0] INFO  com.netflix.discovery.shared.resolver.aws.ConfigClusterResolver - Resolving eureka endpoints via configuration
2018-10-24 10:27:38.481 [http-nio-8888-exec-2] INFO  org.apache.catalina.core.ContainerBase.[Tomcat].[localhost].[/] - Initializing Spring FrameworkServlet 'dispatcherServlet'
2018-10-24 10:27:38.481 [http-nio-8888-exec-2] INFO  org.springframework.web.servlet.DispatcherServlet - FrameworkServlet 'dispatcherServlet': initialization started
2018-10-24 10:27:38.491 [http-nio-8888-exec-2] INFO  org.springframework.web.servlet.DispatcherServlet - FrameworkServlet 'dispatcherServlet': initialization completed in 10 ms
2018-10-24 10:32:38.072 [AsyncResolver-bootstrap-executor-0] INFO  com.netflix.discovery.shared.resolver.aws.ConfigClusterResolver - Resolving eureka endpoints via configuration
2018-10-24 10:37:38.072 [AsyncResolver-bootstrap-executor-0] INFO  com.netflix.discovery.shared.resolver.aws.ConfigClusterResolver - Resolving eureka endpoints via configuration
2018-10-24 10:42:38.073 [AsyncResolver-bootstrap-executor-0] INFO  com.netflix.discovery.shared.resolver.aws.ConfigClusterResolver - Resolving eureka endpoints via configuration
2018-10-24 10:47:38.073 [AsyncResolver-bootstrap-executor-0] INFO  com.netflix.discovery.shared.resolver.aws.ConfigClusterResolver - Resolving eureka endpoints via configuration
2018-10-24 10:48:19.054 [Thread-6] INFO  org.springframework.boot.context.embedded.AnnotationConfigEmbeddedWebApplicationContext - Closing org.springframework.boot.context.embedded.AnnotationConfigEmbeddedWebApplicationContext@56da7487: startup date [Wed Oct 24 10:07:34 CST 2018]; parent: org.springframework.context.annotation.AnnotationConfigApplicationContext@26275bef
2018-10-24 10:48:19.055 [Thread-6] INFO  org.springframework.cloud.netflix.eureka.serviceregistry.EurekaServiceRegistry - Unregistering application evshang-user-service with eureka with status DOWN
2018-10-24 10:48:19.055 [DiscoveryClient-InstanceInfoReplicator-0] INFO  com.netflix.discovery.DiscoveryClient - DiscoveryClient_EVSHANG-USER-SERVICE/localhost:evshang-user-service:8888: registering service...
2018-10-24 10:48:19.056 [Thread-6] INFO  org.springframework.context.support.DefaultLifecycleProcessor - Stopping beans in phase 0
2018-10-24 10:48:19.057 [Thread-6] INFO  org.springframework.jmx.export.annotation.AnnotationMBeanExporter - Unregistering JMX-exposed beans on shutdown
2018-10-24 10:48:19.057 [Thread-6] INFO  org.springframework.jmx.export.annotation.AnnotationMBeanExporter - Unregistering JMX-exposed beans
2018-10-24 10:48:19.059 [DiscoveryClient-InstanceInfoReplicator-0] INFO  com.netflix.discovery.DiscoveryClient - DiscoveryClient_EVSHANG-USER-SERVICE/localhost:evshang-user-service:8888 - registration status: 204
2018-10-24 10:48:19.059 [Thread-6] INFO  com.netflix.discovery.DiscoveryClient - Shutting down DiscoveryClient ...
2018-10-24 10:48:19.063 [Thread-6] INFO  org.springframework.cloud.netflix.eureka.InstanceInfoFactory - Setting initial instance status as: STARTING
2018-10-24 10:48:19.063 [Thread-6] INFO  com.netflix.discovery.DiscoveryClient - Unregistering ...
2018-10-24 10:48:19.067 [Thread-6] INFO  com.netflix.discovery.DiscoveryClient - DiscoveryClient_EVSHANG-USER-SERVICE/localhost:evshang-user-service:8888 - deregister  status: 200
2018-10-24 10:48:19.071 [Thread-6] INFO  com.netflix.discovery.DiscoveryClient - Completed shut down of DiscoveryClient
2018-10-24 10:53:16.812 [main] INFO  org.springframework.context.annotation.AnnotationConfigApplicationContext - Refreshing org.springframework.context.annotation.AnnotationConfigApplicationContext@26275bef: startup date [Wed Oct 24 10:53:16 CST 2018]; root of context hierarchy
2018-10-24 10:53:16.989 [background-preinit] INFO  org.hibernate.validator.internal.util.Version - HV000001: Hibernate Validator 5.3.6.Final
2018-10-24 10:53:17.003 [main] INFO  org.springframework.beans.factory.annotation.AutowiredAnnotationBeanPostProcessor - JSR-330 'javax.inject.Inject' annotation found and supported for autowiring
2018-10-24 10:53:17.021 [main] INFO  org.springframework.context.support.PostProcessorRegistrationDelegate$BeanPostProcessorChecker - Bean 'configurationPropertiesRebinderAutoConfiguration' of type [org.springframework.cloud.autoconfigure.ConfigurationPropertiesRebinderAutoConfiguration$$EnhancerBySpringCGLIB$$84349a4a] is not eligible for getting processed by all BeanPostProcessors (for example: not eligible for auto-proxying)
2018-10-24 10:53:18.175 [main] INFO  org.springframework.cloud.commons.util.InetUtils - Cannot determine local hostname
2018-10-24 10:53:18.251 [main] INFO  org.springframework.cloud.netflix.eureka.InstanceInfoFactory - Setting initial instance status as: STARTING
2018-10-24 10:53:18.302 [main] INFO  com.netflix.discovery.DiscoveryClient - Initializing Eureka in region us-east-1
2018-10-24 10:53:18.435 [main] INFO  com.netflix.discovery.provider.DiscoveryJerseyProvider - Using JSON encoding codec LegacyJacksonJson
2018-10-24 10:53:18.435 [main] INFO  com.netflix.discovery.provider.DiscoveryJerseyProvider - Using JSON decoding codec LegacyJacksonJson
2018-10-24 10:53:18.512 [main] INFO  com.netflix.discovery.provider.DiscoveryJerseyProvider - Using XML encoding codec XStreamXml
2018-10-24 10:53:18.512 [main] INFO  com.netflix.discovery.provider.DiscoveryJerseyProvider - Using XML decoding codec XStreamXml
2018-10-24 10:53:18.621 [main] INFO  com.netflix.discovery.shared.resolver.aws.ConfigClusterResolver - Resolving eureka endpoints via configuration
2018-10-24 10:53:18.633 [main] INFO  com.netflix.discovery.DiscoveryClient - Disable delta property : false
2018-10-24 10:53:18.633 [main] INFO  com.netflix.discovery.DiscoveryClient - Single vip registry refresh property : null
2018-10-24 10:53:18.633 [main] INFO  com.netflix.discovery.DiscoveryClient - Force full registry fetch : false
2018-10-24 10:53:18.633 [main] INFO  com.netflix.discovery.DiscoveryClient - Application is null : false
2018-10-24 10:53:18.633 [main] INFO  com.netflix.discovery.DiscoveryClient - Registered Applications size is zero : true
2018-10-24 10:53:18.633 [main] INFO  com.netflix.discovery.DiscoveryClient - Application version is -1: true
2018-10-24 10:53:18.633 [main] INFO  com.netflix.discovery.DiscoveryClient - Getting all instance registry info from the eureka server
2018-10-24 10:53:18.729 [main] INFO  com.netflix.discovery.DiscoveryClient - The response status is 200
2018-10-24 10:53:18.730 [main] INFO  com.netflix.discovery.DiscoveryClient - Not registering with Eureka server per configuration
2018-10-24 10:53:18.732 [main] INFO  com.netflix.discovery.DiscoveryClient - Discovery Client initialized at timestamp 1540349598732 with initial instances count: 1
2018-10-24 10:53:19.825 [main] INFO  org.springframework.cloud.config.client.ConfigServicePropertySourceLocator - Fetching config from server at: http://localhost:8880/
2018-10-24 10:53:19.857 [main] INFO  com.evshang.UserServiceApplication - No active profile set, falling back to default profiles: default
2018-10-24 10:53:19.867 [main] INFO  org.springframework.boot.context.embedded.AnnotationConfigEmbeddedWebApplicationContext - Refreshing org.springframework.boot.context.embedded.AnnotationConfigEmbeddedWebApplicationContext@254f906e: startup date [Wed Oct 24 10:53:19 CST 2018]; parent: org.springframework.context.annotation.AnnotationConfigApplicationContext@26275bef
2018-10-24 10:53:20.365 [main] INFO  org.springframework.cloud.context.scope.GenericScope - BeanFactory id=3db87efa-910c-3a7b-8ef0-8b985638dae0
2018-10-24 10:53:20.373 [main] INFO  org.springframework.beans.factory.annotation.AutowiredAnnotationBeanPostProcessor - JSR-330 'javax.inject.Inject' annotation found and supported for autowiring
2018-10-24 10:53:20.490 [main] INFO  org.springframework.context.support.PostProcessorRegistrationDelegate$BeanPostProcessorChecker - Bean 'org.springframework.cloud.autoconfigure.ConfigurationPropertiesRebinderAutoConfiguration' of type [org.springframework.cloud.autoconfigure.ConfigurationPropertiesRebinderAutoConfiguration$$EnhancerBySpringCGLIB$$84349a4a] is not eligible for getting processed by all BeanPostProcessors (for example: not eligible for auto-proxying)
2018-10-24 10:53:20.663 [main] INFO  org.springframework.boot.context.embedded.tomcat.TomcatEmbeddedServletContainer - Tomcat initialized with port(s): 8888 (http)
2018-10-24 10:53:20.672 [main] INFO  org.apache.coyote.http11.Http11NioProtocol - Initializing ProtocolHandler ["http-nio-8888"]
2018-10-24 10:53:20.681 [main] INFO  org.apache.catalina.core.StandardService - Starting service [Tomcat]
2018-10-24 10:53:20.681 [main] INFO  org.apache.catalina.core.StandardEngine - Starting Servlet Engine: Apache Tomcat/8.5.34
2018-10-24 10:53:20.768 [localhost-startStop-1] INFO  org.apache.catalina.core.ContainerBase.[Tomcat].[localhost].[/] - Initializing Spring embedded WebApplicationContext
2018-10-24 10:53:20.768 [localhost-startStop-1] INFO  org.springframework.web.context.ContextLoader - Root WebApplicationContext: initialization completed in 901 ms
2018-10-24 10:53:20.848 [localhost-startStop-1] INFO  org.springframework.boot.web.servlet.ServletRegistrationBean - Mapping servlet: 'dispatcherServlet' to [/]
2018-10-24 10:53:20.851 [localhost-startStop-1] INFO  org.springframework.boot.web.servlet.FilterRegistrationBean - Mapping filter: 'characterEncodingFilter' to: [/*]
2018-10-24 10:53:20.851 [localhost-startStop-1] INFO  org.springframework.boot.web.servlet.FilterRegistrationBean - Mapping filter: 'hiddenHttpMethodFilter' to: [/*]
2018-10-24 10:53:20.851 [localhost-startStop-1] INFO  org.springframework.boot.web.servlet.FilterRegistrationBean - Mapping filter: 'httpPutFormContentFilter' to: [/*]
2018-10-24 10:53:20.851 [localhost-startStop-1] INFO  org.springframework.boot.web.servlet.FilterRegistrationBean - Mapping filter: 'requestContextFilter' to: [/*]
2018-10-24 10:53:20.883 [main] INFO  org.apache.catalina.core.StandardService - Stopping service [Tomcat]
2018-10-24 10:53:20.892 [main] INFO  org.springframework.boot.autoconfigure.logging.AutoConfigurationReportLoggingInitializer - 

Error starting ApplicationContext. To display the auto-configuration report re-run your application with 'debug' enabled.
2018-10-24 10:55:26.949 [main] INFO  org.springframework.context.annotation.AnnotationConfigApplicationContext - Refreshing org.springframework.context.annotation.AnnotationConfigApplicationContext@26275bef: startup date [Wed Oct 24 10:55:26 CST 2018]; root of context hierarchy
2018-10-24 10:55:27.098 [background-preinit] INFO  org.hibernate.validator.internal.util.Version - HV000001: Hibernate Validator 5.3.6.Final
2018-10-24 10:55:27.172 [main] INFO  org.springframework.beans.factory.annotation.AutowiredAnnotationBeanPostProcessor - JSR-330 'javax.inject.Inject' annotation found and supported for autowiring
2018-10-24 10:55:27.188 [main] INFO  org.springframework.context.support.PostProcessorRegistrationDelegate$BeanPostProcessorChecker - Bean 'configurationPropertiesRebinderAutoConfiguration' of type [org.springframework.cloud.autoconfigure.ConfigurationPropertiesRebinderAutoConfiguration$$EnhancerBySpringCGLIB$$84349a4a] is not eligible for getting processed by all BeanPostProcessors (for example: not eligible for auto-proxying)
2018-10-24 10:55:28.315 [main] INFO  org.springframework.cloud.commons.util.InetUtils - Cannot determine local hostname
2018-10-24 10:55:28.391 [main] INFO  org.springframework.cloud.netflix.eureka.InstanceInfoFactory - Setting initial instance status as: STARTING
2018-10-24 10:55:28.440 [main] INFO  com.netflix.discovery.DiscoveryClient - Initializing Eureka in region us-east-1
2018-10-24 10:55:28.573 [main] INFO  com.netflix.discovery.provider.DiscoveryJerseyProvider - Using JSON encoding codec LegacyJacksonJson
2018-10-24 10:55:28.573 [main] INFO  com.netflix.discovery.provider.DiscoveryJerseyProvider - Using JSON decoding codec LegacyJacksonJson
2018-10-24 10:55:28.653 [main] INFO  com.netflix.discovery.provider.DiscoveryJerseyProvider - Using XML encoding codec XStreamXml
2018-10-24 10:55:28.653 [main] INFO  com.netflix.discovery.provider.DiscoveryJerseyProvider - Using XML decoding codec XStreamXml
2018-10-24 10:55:28.757 [main] INFO  com.netflix.discovery.shared.resolver.aws.ConfigClusterResolver - Resolving eureka endpoints via configuration
2018-10-24 10:55:28.769 [main] INFO  com.netflix.discovery.DiscoveryClient - Disable delta property : false
2018-10-24 10:55:28.769 [main] INFO  com.netflix.discovery.DiscoveryClient - Single vip registry refresh property : null
2018-10-24 10:55:28.769 [main] INFO  com.netflix.discovery.DiscoveryClient - Force full registry fetch : false
2018-10-24 10:55:28.769 [main] INFO  com.netflix.discovery.DiscoveryClient - Application is null : false
2018-10-24 10:55:28.769 [main] INFO  com.netflix.discovery.DiscoveryClient - Registered Applications size is zero : true
2018-10-24 10:55:28.769 [main] INFO  com.netflix.discovery.DiscoveryClient - Application version is -1: true
2018-10-24 10:55:28.769 [main] INFO  com.netflix.discovery.DiscoveryClient - Getting all instance registry info from the eureka server
2018-10-24 10:55:28.867 [main] INFO  com.netflix.discovery.DiscoveryClient - The response status is 200
2018-10-24 10:55:28.868 [main] INFO  com.netflix.discovery.DiscoveryClient - Not registering with Eureka server per configuration
2018-10-24 10:55:28.870 [main] INFO  com.netflix.discovery.DiscoveryClient - Discovery Client initialized at timestamp 1540349728870 with initial instances count: 1
2018-10-24 10:55:29.959 [main] INFO  org.springframework.cloud.config.client.ConfigServicePropertySourceLocator - Fetching config from server at: http://localhost:8880/
2018-10-24 10:55:29.984 [main] INFO  com.evshang.UserServiceApplication - No active profile set, falling back to default profiles: default
2018-10-24 10:55:29.992 [main] INFO  org.springframework.boot.context.embedded.AnnotationConfigEmbeddedWebApplicationContext - Refreshing org.springframework.boot.context.embedded.AnnotationConfigEmbeddedWebApplicationContext@3ba46e63: startup date [Wed Oct 24 10:55:29 CST 2018]; parent: org.springframework.context.annotation.AnnotationConfigApplicationContext@26275bef
2018-10-24 10:55:30.418 [main] INFO  org.springframework.cloud.context.scope.GenericScope - BeanFactory id=d51342af-6485-321d-8b67-97430dbaf59f
2018-10-24 10:55:30.426 [main] INFO  org.springframework.beans.factory.annotation.AutowiredAnnotationBeanPostProcessor - JSR-330 'javax.inject.Inject' annotation found and supported for autowiring
2018-10-24 10:55:30.537 [main] INFO  org.springframework.context.support.PostProcessorRegistrationDelegate$BeanPostProcessorChecker - Bean 'org.springframework.cloud.autoconfigure.ConfigurationPropertiesRebinderAutoConfiguration' of type [org.springframework.cloud.autoconfigure.ConfigurationPropertiesRebinderAutoConfiguration$$EnhancerBySpringCGLIB$$84349a4a] is not eligible for getting processed by all BeanPostProcessors (for example: not eligible for auto-proxying)
2018-10-24 10:55:30.707 [main] INFO  org.springframework.boot.context.embedded.tomcat.TomcatEmbeddedServletContainer - Tomcat initialized with port(s): 8888 (http)
2018-10-24 10:55:30.719 [main] INFO  org.apache.coyote.http11.Http11NioProtocol - Initializing ProtocolHandler ["http-nio-8888"]
2018-10-24 10:55:30.725 [main] INFO  org.apache.catalina.core.StandardService - Starting service [Tomcat]
2018-10-24 10:55:30.726 [main] INFO  org.apache.catalina.core.StandardEngine - Starting Servlet Engine: Apache Tomcat/8.5.34
2018-10-24 10:55:30.805 [localhost-startStop-1] INFO  org.apache.catalina.core.ContainerBase.[Tomcat].[localhost].[/] - Initializing Spring embedded WebApplicationContext
2018-10-24 10:55:30.806 [localhost-startStop-1] INFO  org.springframework.web.context.ContextLoader - Root WebApplicationContext: initialization completed in 814 ms
2018-10-24 10:55:30.890 [localhost-startStop-1] INFO  org.springframework.boot.web.servlet.ServletRegistrationBean - Mapping servlet: 'dispatcherServlet' to [/]
2018-10-24 10:55:30.893 [localhost-startStop-1] INFO  org.springframework.boot.web.servlet.FilterRegistrationBean - Mapping filter: 'characterEncodingFilter' to: [/*]
2018-10-24 10:55:30.893 [localhost-startStop-1] INFO  org.springframework.boot.web.servlet.FilterRegistrationBean - Mapping filter: 'hiddenHttpMethodFilter' to: [/*]
2018-10-24 10:55:30.893 [localhost-startStop-1] INFO  org.springframework.boot.web.servlet.FilterRegistrationBean - Mapping filter: 'httpPutFormContentFilter' to: [/*]
2018-10-24 10:55:30.893 [localhost-startStop-1] INFO  org.springframework.boot.web.servlet.FilterRegistrationBean - Mapping filter: 'requestContextFilter' to: [/*]
2018-10-24 10:55:31.252 [main] INFO  org.springframework.web.servlet.mvc.method.annotation.RequestMappingHandlerMapping - Mapped "{[/userDetails/{userId}],methods=[GET]}" onto public com.evshang.entity.User com.evshang.controller.UserController.userDetails(java.lang.String)
2018-10-24 10:55:31.253 [main] INFO  org.springframework.web.servlet.mvc.method.annotation.RequestMappingHandlerMapping - Mapped "{[/v2/api-docs],methods=[GET]}" onto public org.springframework.http.ResponseEntity<springfox.documentation.spring.web.json.Json> springfox.documentation.swagger2.web.Swagger2Controller.getDocumentation(java.lang.String)
2018-10-24 10:55:31.254 [main] INFO  org.springframework.web.servlet.mvc.method.annotation.RequestMappingHandlerMapping - Mapped "{[/configuration/security]}" onto org.springframework.http.ResponseEntity<springfox.documentation.swagger.web.SecurityConfiguration> springfox.documentation.swagger.web.ApiResourceController.securityConfiguration()
2018-10-24 10:55:31.255 [main] INFO  org.springframework.web.servlet.mvc.method.annotation.RequestMappingHandlerMapping - Mapped "{[/configuration/ui]}" onto org.springframework.http.ResponseEntity<springfox.documentation.swagger.web.UiConfiguration> springfox.documentation.swagger.web.ApiResourceController.uiConfiguration()
2018-10-24 10:55:31.255 [main] INFO  org.springframework.web.servlet.mvc.method.annotation.RequestMappingHandlerMapping - Mapped "{[/swagger-resources]}" onto org.springframework.http.ResponseEntity<java.util.List<springfox.documentation.swagger.web.SwaggerResource>> springfox.documentation.swagger.web.ApiResourceController.swaggerResources()
2018-10-24 10:55:31.256 [main] INFO  org.springframework.web.servlet.mvc.method.annotation.RequestMappingHandlerMapping - Mapped "{[/error],produces=[text/html]}" onto public org.springframework.web.servlet.ModelAndView org.springframework.boot.autoconfigure.web.BasicErrorController.errorHtml(javax.servlet.http.HttpServletRequest,javax.servlet.http.HttpServletResponse)
2018-10-24 10:55:31.256 [main] INFO  org.springframework.web.servlet.mvc.method.annotation.RequestMappingHandlerMapping - Mapped "{[/error]}" onto public org.springframework.http.ResponseEntity<java.util.Map<java.lang.String, java.lang.Object>> org.springframework.boot.autoconfigure.web.BasicErrorController.error(javax.servlet.http.HttpServletRequest)
2018-10-24 10:55:31.370 [main] INFO  com.netflix.config.sources.URLConfigurationSource - To enable URLs as dynamic configuration sources, define System property archaius.configurationSource.additionalUrls or make config.properties available on classpath.
2018-10-24 10:55:31.374 [main] INFO  com.netflix.config.sources.URLConfigurationSource - To enable URLs as dynamic configuration sources, define System property archaius.configurationSource.additionalUrls or make config.properties available on classpath.
2018-10-24 10:55:31.473 [main] INFO  org.springframework.web.servlet.mvc.method.annotation.RequestMappingHandlerAdapter - Looking for @ControllerAdvice: org.springframework.boot.context.embedded.AnnotationConfigEmbeddedWebApplicationContext@3ba46e63: startup date [Wed Oct 24 10:55:29 CST 2018]; parent: org.springframework.context.annotation.AnnotationConfigApplicationContext@26275bef
2018-10-24 10:55:31.518 [main] INFO  org.springframework.web.servlet.handler.SimpleUrlHandlerMapping - Mapped URL path [/webjars/**] onto handler of type [class org.springframework.web.servlet.resource.ResourceHttpRequestHandler]
2018-10-24 10:55:31.518 [main] INFO  org.springframework.web.servlet.handler.SimpleUrlHandlerMapping - Mapped URL path [/**] onto handler of type [class org.springframework.web.servlet.resource.ResourceHttpRequestHandler]
2018-10-24 10:55:31.548 [main] INFO  org.springframework.web.servlet.handler.SimpleUrlHandlerMapping - Mapped URL path [/**/favicon.ico] onto handler of type [class org.springframework.web.servlet.resource.ResourceHttpRequestHandler]
2018-10-24 10:55:32.636 [main] INFO  org.springframework.cloud.commons.util.InetUtils - Cannot determine local hostname
2018-10-24 10:55:33.787 [main] INFO  org.springframework.cloud.commons.util.InetUtils - Cannot determine local hostname
2018-10-24 10:55:33.892 [main] INFO  com.netflix.discovery.DiscoveryClient - Shutting down DiscoveryClient ...
2018-10-24 10:55:33.897 [main] INFO  com.netflix.discovery.DiscoveryClient - Completed shut down of DiscoveryClient
2018-10-24 10:55:33.931 [main] INFO  org.springframework.jmx.export.annotation.AnnotationMBeanExporter - Registering beans for JMX exposure on startup
2018-10-24 10:55:33.936 [main] INFO  org.springframework.jmx.export.annotation.AnnotationMBeanExporter - Bean with name 'configurationPropertiesRebinder' has been autodetected for JMX exposure
2018-10-24 10:55:33.937 [main] INFO  org.springframework.jmx.export.annotation.AnnotationMBeanExporter - Bean with name 'environmentManager' has been autodetected for JMX exposure
2018-10-24 10:55:33.937 [main] INFO  org.springframework.jmx.export.annotation.AnnotationMBeanExporter - Bean with name 'refreshScope' has been autodetected for JMX exposure
2018-10-24 10:55:33.938 [main] INFO  org.springframework.jmx.export.annotation.AnnotationMBeanExporter - Located managed bean 'environmentManager': registering with JMX server as MBean [org.springframework.cloud.context.environment:name=environmentManager,type=EnvironmentManager]
2018-10-24 10:55:33.945 [main] INFO  org.springframework.jmx.export.annotation.AnnotationMBeanExporter - Located managed bean 'refreshScope': registering with JMX server as MBean [org.springframework.cloud.context.scope.refresh:name=refreshScope,type=RefreshScope]
2018-10-24 10:55:33.951 [main] INFO  org.springframework.jmx.export.annotation.AnnotationMBeanExporter - Located managed bean 'configurationPropertiesRebinder': registering with JMX server as MBean [org.springframework.cloud.context.properties:name=configurationPropertiesRebinder,context=3ba46e63,type=ConfigurationPropertiesRebinder]
2018-10-24 10:55:33.971 [main] INFO  org.springframework.context.support.DefaultLifecycleProcessor - Starting beans in phase 0
2018-10-24 10:55:33.978 [main] INFO  org.springframework.cloud.netflix.eureka.InstanceInfoFactory - Setting initial instance status as: STARTING
2018-10-24 10:55:33.980 [main] INFO  com.netflix.discovery.DiscoveryClient - Initializing Eureka in region us-east-1
2018-10-24 10:55:33.981 [main] INFO  com.netflix.discovery.provider.DiscoveryJerseyProvider - Using JSON encoding codec LegacyJacksonJson
2018-10-24 10:55:33.981 [main] INFO  com.netflix.discovery.provider.DiscoveryJerseyProvider - Using JSON decoding codec LegacyJacksonJson
2018-10-24 10:55:33.981 [main] INFO  com.netflix.discovery.provider.DiscoveryJerseyProvider - Using XML encoding codec XStreamXml
2018-10-24 10:55:33.981 [main] INFO  com.netflix.discovery.provider.DiscoveryJerseyProvider - Using XML decoding codec XStreamXml
2018-10-24 10:55:34.016 [main] INFO  com.netflix.discovery.shared.resolver.aws.ConfigClusterResolver - Resolving eureka endpoints via configuration
2018-10-24 10:55:34.017 [main] INFO  com.netflix.discovery.DiscoveryClient - Disable delta property : false
2018-10-24 10:55:34.017 [main] INFO  com.netflix.discovery.DiscoveryClient - Single vip registry refresh property : null
2018-10-24 10:55:34.017 [main] INFO  com.netflix.discovery.DiscoveryClient - Force full registry fetch : false
2018-10-24 10:55:34.017 [main] INFO  com.netflix.discovery.DiscoveryClient - Application is null : false
2018-10-24 10:55:34.017 [main] INFO  com.netflix.discovery.DiscoveryClient - Registered Applications size is zero : true
2018-10-24 10:55:34.017 [main] INFO  com.netflix.discovery.DiscoveryClient - Application version is -1: true
2018-10-24 10:55:34.017 [main] INFO  com.netflix.discovery.DiscoveryClient - Getting all instance registry info from the eureka server
2018-10-24 10:55:34.020 [main] INFO  com.netflix.discovery.DiscoveryClient - The response status is 200
2018-10-24 10:55:34.020 [main] INFO  com.netflix.discovery.DiscoveryClient - Starting heartbeat executor: renew interval is: 30
2018-10-24 10:55:34.021 [main] INFO  com.netflix.discovery.InstanceInfoReplicator - InstanceInfoReplicator onDemand update allowed rate per min is 4
2018-10-24 10:55:34.022 [main] INFO  com.netflix.discovery.DiscoveryClient - Discovery Client initialized at timestamp 1540349734022 with initial instances count: 1
2018-10-24 10:55:34.023 [main] INFO  org.springframework.cloud.netflix.eureka.serviceregistry.EurekaServiceRegistry - Registering application evshang-user-service with eureka with status UP
2018-10-24 10:55:34.024 [main] INFO  com.netflix.discovery.DiscoveryClient - Saw local status change event StatusChangeEvent [timestamp=1540349734024, current=UP, previous=STARTING]
2018-10-24 10:55:34.025 [DiscoveryClient-InstanceInfoReplicator-0] INFO  com.netflix.discovery.DiscoveryClient - DiscoveryClient_EVSHANG-USER-SERVICE/localhost:evshang-user-service:8888: registering service...
2018-10-24 10:55:34.032 [main] INFO  springfox.documentation.spring.web.plugins.DocumentationPluginsBootstrapper - Context refreshed
2018-10-24 10:55:34.043 [main] INFO  springfox.documentation.spring.web.plugins.DocumentationPluginsBootstrapper - Found {0} custom documentation plugin(s)
2018-10-24 10:55:34.046 [DiscoveryClient-InstanceInfoReplicator-0] INFO  com.netflix.discovery.DiscoveryClient - DiscoveryClient_EVSHANG-USER-SERVICE/localhost:evshang-user-service:8888 - registration status: 204
2018-10-24 10:55:34.049 [main] INFO  springfox.documentation.spring.web.scanners.ApiListingReferenceScanner - Scanning for api listing references
2018-10-24 10:55:34.051 [main] INFO  springfox.documentation.swagger.web.ClassOrApiAnnotationResourceGrouping - Group for method errorHtml was basic-error-controller
2018-10-24 10:55:34.052 [main] INFO  springfox.documentation.spring.web.scanners.ApiListingReferenceScanner - Request mapping: errorHtml belongs to groups: [[ResourceGroup{groupName='basic-error-controller', position=0, controller=org.springframework.boot.autoconfigure.web.BasicErrorController}]] 
2018-10-24 10:55:34.053 [main] INFO  springfox.documentation.swagger.web.ClassOrApiAnnotationResourceGrouping - Group for method error was basic-error-controller
2018-10-24 10:55:34.053 [main] INFO  springfox.documentation.spring.web.scanners.ApiListingReferenceScanner - Request mapping: error belongs to groups: [[ResourceGroup{groupName='basic-error-controller', position=0, controller=org.springframework.boot.autoconfigure.web.BasicErrorController}]] 
2018-10-24 10:55:34.053 [main] INFO  springfox.documentation.swagger.web.ClassOrApiAnnotationResourceGrouping - Group for method userDetails was user-controller
2018-10-24 10:55:34.053 [main] INFO  springfox.documentation.spring.web.scanners.ApiListingReferenceScanner - Request mapping: userDetails belongs to groups: [[ResourceGroup{groupName='user-controller', position=0, controller=com.evshang.controller.UserController}]] 
2018-10-24 10:55:34.055 [main] INFO  springfox.documentation.spring.web.scanners.ApiListingReferenceScanner - Created resource listing Path: /default/user-controller Description: user-controller Position: 0
2018-10-24 10:55:34.056 [main] INFO  springfox.documentation.spring.web.scanners.ApiListingReferenceScanner - Created resource listing Path: /default/basic-error-controller Description: basic-error-controller Position: 0
2018-10-24 10:55:34.075 [main] INFO  springfox.documentation.schema.ModelContextKeyGenerator - Cache Key Generated: java.util.Map<java.lang.String,java.lang.Object>(true)
2018-10-24 10:55:34.075 [main] INFO  springfox.documentation.spring.web.caching.CachingAspect - Caching aspect applied for cache models with key java.util.Map<java.lang.String,java.lang.Object>(true)
2018-10-24 10:55:34.079 [main] INFO  springfox.documentation.schema.ModelContextKeyGenerator - Cache Key Generated: java.util.Map<java.lang.String,java.lang.Object>(true)
2018-10-24 10:55:34.080 [main] INFO  springfox.documentation.spring.web.caching.CachingAspect - Caching aspect applied for cache modelDependencies with key java.util.Map<java.lang.String,java.lang.Object>(true)
2018-10-24 10:55:34.083 [main] INFO  springfox.documentation.spring.web.OperationsKeyGenerator - Cache key generated: /error.org.springframework.boot.autoconfigure.web.BasicErrorController.error.DefaultGenericTypeNamingStrategy
2018-10-24 10:55:34.083 [main] INFO  springfox.documentation.spring.web.caching.CachingAspect - Caching aspect applied for cache operations with key /error.org.springframework.boot.autoconfigure.web.BasicErrorController.error.DefaultGenericTypeNamingStrategy
2018-10-24 10:55:34.090 [main] INFO  springfox.documentation.swagger.web.ClassOrApiAnnotationResourceGrouping - Group for method error was basic-error-controller
2018-10-24 10:55:34.091 [main] INFO  springfox.documentation.swagger.web.ClassOrApiAnnotationResourceGrouping - Group for method error was basic-error-controller
2018-10-24 10:55:34.093 [main] INFO  springfox.documentation.swagger.web.ClassOrApiAnnotationResourceGrouping - Group for method error was basic-error-controller
2018-10-24 10:55:34.093 [main] INFO  springfox.documentation.swagger.web.ClassOrApiAnnotationResourceGrouping - Group for method error was basic-error-controller
2018-10-24 10:55:34.094 [main] INFO  springfox.documentation.swagger.web.ClassOrApiAnnotationResourceGrouping - Group for method error was basic-error-controller
2018-10-24 10:55:34.094 [main] INFO  springfox.documentation.swagger.web.ClassOrApiAnnotationResourceGrouping - Group for method error was basic-error-controller
2018-10-24 10:55:34.095 [main] INFO  springfox.documentation.swagger.web.ClassOrApiAnnotationResourceGrouping - Group for method error was basic-error-controller
2018-10-24 10:55:34.095 [main] INFO  springfox.documentation.swagger.web.ClassOrApiAnnotationResourceGrouping - Group for method error was basic-error-controller
2018-10-24 10:55:34.096 [main] INFO  springfox.documentation.swagger.web.ClassOrApiAnnotationResourceGrouping - Group for method error was basic-error-controller
2018-10-24 10:55:34.096 [main] INFO  springfox.documentation.swagger.web.ClassOrApiAnnotationResourceGrouping - Group for method error was basic-error-controller
2018-10-24 10:55:34.097 [main] INFO  springfox.documentation.swagger.web.ClassOrApiAnnotationResourceGrouping - Group for method error was basic-error-controller
2018-10-24 10:55:34.098 [main] INFO  springfox.documentation.swagger.web.ClassOrApiAnnotationResourceGrouping - Group for method error was basic-error-controller
2018-10-24 10:55:34.098 [main] INFO  springfox.documentation.swagger.web.ClassOrApiAnnotationResourceGrouping - Group for method error was basic-error-controller
2018-10-24 10:55:34.098 [main] INFO  springfox.documentation.swagger.web.ClassOrApiAnnotationResourceGrouping - Group for method error was basic-error-controller
2018-10-24 10:55:34.099 [main] INFO  springfox.documentation.swagger.web.ClassOrApiAnnotationResourceGrouping - Group for method error was basic-error-controller
2018-10-24 10:55:34.099 [main] INFO  springfox.documentation.swagger.web.ClassOrApiAnnotationResourceGrouping - Group for method error was basic-error-controller
2018-10-24 10:55:34.101 [main] INFO  springfox.documentation.schema.ModelContextKeyGenerator - Cache Key Generated: org.springframework.web.servlet.ModelAndView(true)
2018-10-24 10:55:34.102 [main] INFO  springfox.documentation.spring.web.caching.CachingAspect - Caching aspect applied for cache models with key org.springframework.web.servlet.ModelAndView(true)
2018-10-24 10:55:34.102 [main] INFO  springfox.documentation.schema.property.ModelPropertiesKeyGenerator - Cache key generated: org.springframework.web.servlet.ModelAndView(true)
2018-10-24 10:55:34.102 [main] INFO  springfox.documentation.spring.web.caching.CachingAspect - Caching aspect applied for cache modelProperties with key org.springframework.web.servlet.ModelAndView(true)
2018-10-24 10:55:34.109 [main] INFO  springfox.documentation.schema.ModelContextKeyGenerator - Cache Key Generated: org.springframework.web.servlet.ModelAndView(true)
2018-10-24 10:55:34.109 [main] INFO  springfox.documentation.spring.web.caching.CachingAspect - Caching aspect applied for cache modelDependencies with key org.springframework.web.servlet.ModelAndView(true)
2018-10-24 10:55:34.109 [main] INFO  springfox.documentation.schema.property.ModelPropertiesKeyGenerator - Cache key generated: org.springframework.web.servlet.ModelAndView(true)
2018-10-24 10:55:34.110 [main] INFO  springfox.documentation.spring.web.caching.CachingAspect - Caching aspect applied for cache modelProperties with key org.springframework.web.servlet.ModelAndView(true)
2018-10-24 10:55:34.110 [main] INFO  springfox.documentation.schema.property.ModelPropertiesKeyGenerator - Cache key generated: org.springframework.web.servlet.View(true)
2018-10-24 10:55:34.110 [main] INFO  springfox.documentation.spring.web.caching.CachingAspect - Caching aspect applied for cache modelProperties with key org.springframework.web.servlet.View(true)
2018-10-24 10:55:34.111 [main] INFO  springfox.documentation.schema.property.ModelPropertiesKeyGenerator - Cache key generated: org.springframework.web.servlet.View(true)
2018-10-24 10:55:34.111 [main] INFO  springfox.documentation.spring.web.caching.CachingAspect - Caching aspect applied for cache modelProperties with key org.springframework.web.servlet.View(true)
2018-10-24 10:55:34.111 [main] INFO  springfox.documentation.spring.web.OperationsKeyGenerator - Cache key generated: /error.org.springframework.boot.autoconfigure.web.BasicErrorController.errorHtml.DefaultGenericTypeNamingStrategy
2018-10-24 10:55:34.111 [main] INFO  springfox.documentation.spring.web.caching.CachingAspect - Caching aspect applied for cache operations with key /error.org.springframework.boot.autoconfigure.web.BasicErrorController.errorHtml.DefaultGenericTypeNamingStrategy
2018-10-24 10:55:34.112 [main] INFO  springfox.documentation.swagger.web.ClassOrApiAnnotationResourceGrouping - Group for method errorHtml was basic-error-controller
2018-10-24 10:55:34.113 [main] INFO  springfox.documentation.swagger.web.ClassOrApiAnnotationResourceGrouping - Group for method errorHtml was basic-error-controller
2018-10-24 10:55:34.113 [main] INFO  springfox.documentation.swagger.web.ClassOrApiAnnotationResourceGrouping - Group for method errorHtml was basic-error-controller
2018-10-24 10:55:34.113 [main] INFO  springfox.documentation.swagger.web.ClassOrApiAnnotationResourceGrouping - Group for method errorHtml was basic-error-controller
2018-10-24 10:55:34.114 [main] INFO  springfox.documentation.swagger.web.ClassOrApiAnnotationResourceGrouping - Group for method errorHtml was basic-error-controller
2018-10-24 10:55:34.114 [main] INFO  springfox.documentation.swagger.web.ClassOrApiAnnotationResourceGrouping - Group for method errorHtml was basic-error-controller
2018-10-24 10:55:34.114 [main] INFO  springfox.documentation.swagger.web.ClassOrApiAnnotationResourceGrouping - Group for method errorHtml was basic-error-controller
2018-10-24 10:55:34.115 [main] INFO  springfox.documentation.swagger.web.ClassOrApiAnnotationResourceGrouping - Group for method errorHtml was basic-error-controller
2018-10-24 10:55:34.115 [main] INFO  springfox.documentation.swagger.web.ClassOrApiAnnotationResourceGrouping - Group for method errorHtml was basic-error-controller
2018-10-24 10:55:34.115 [main] INFO  springfox.documentation.swagger.web.ClassOrApiAnnotationResourceGrouping - Group for method errorHtml was basic-error-controller
2018-10-24 10:55:34.116 [main] INFO  springfox.documentation.swagger.web.ClassOrApiAnnotationResourceGrouping - Group for method errorHtml was basic-error-controller
2018-10-24 10:55:34.116 [main] INFO  springfox.documentation.swagger.web.ClassOrApiAnnotationResourceGrouping - Group for method errorHtml was basic-error-controller
2018-10-24 10:55:34.116 [main] INFO  springfox.documentation.swagger.web.ClassOrApiAnnotationResourceGrouping - Group for method errorHtml was basic-error-controller
2018-10-24 10:55:34.117 [main] INFO  springfox.documentation.swagger.web.ClassOrApiAnnotationResourceGrouping - Group for method errorHtml was basic-error-controller
2018-10-24 10:55:34.117 [main] INFO  springfox.documentation.swagger.web.ClassOrApiAnnotationResourceGrouping - Group for method errorHtml was basic-error-controller
2018-10-24 10:55:34.117 [main] INFO  springfox.documentation.swagger.web.ClassOrApiAnnotationResourceGrouping - Group for method errorHtml was basic-error-controller
2018-10-24 10:55:34.127 [main] INFO  springfox.documentation.schema.ModelContextKeyGenerator - Cache Key Generated: com.evshang.entity.User(true)
2018-10-24 10:55:34.127 [main] INFO  springfox.documentation.spring.web.caching.CachingAspect - Caching aspect applied for cache models with key com.evshang.entity.User(true)
2018-10-24 10:55:34.127 [main] INFO  springfox.documentation.schema.property.ModelPropertiesKeyGenerator - Cache key generated: com.evshang.entity.User(true)
2018-10-24 10:55:34.127 [main] INFO  springfox.documentation.spring.web.caching.CachingAspect - Caching aspect applied for cache modelProperties with key com.evshang.entity.User(true)
2018-10-24 10:55:34.130 [main] INFO  springfox.documentation.schema.ModelContextKeyGenerator - Cache Key Generated: com.evshang.entity.User(true)
2018-10-24 10:55:34.130 [main] INFO  springfox.documentation.spring.web.caching.CachingAspect - Caching aspect applied for cache modelDependencies with key com.evshang.entity.User(true)
2018-10-24 10:55:34.131 [main] INFO  springfox.documentation.schema.property.ModelPropertiesKeyGenerator - Cache key generated: com.evshang.entity.User(true)
2018-10-24 10:55:34.131 [main] INFO  springfox.documentation.spring.web.caching.CachingAspect - Caching aspect applied for cache modelProperties with key com.evshang.entity.User(true)
2018-10-24 10:55:34.131 [main] INFO  springfox.documentation.spring.web.OperationsKeyGenerator - Cache key generated: /userDetails/{userId}.com.evshang.controller.UserController.userDetails.DefaultGenericTypeNamingStrategy
2018-10-24 10:55:34.131 [main] INFO  springfox.documentation.spring.web.caching.CachingAspect - Caching aspect applied for cache operations with key /userDetails/{userId}.com.evshang.controller.UserController.userDetails.DefaultGenericTypeNamingStrategy
2018-10-24 10:55:34.134 [main] INFO  springfox.documentation.swagger.web.ClassOrApiAnnotationResourceGrouping - Group for method userDetails was user-controller
2018-10-24 10:55:34.134 [main] INFO  springfox.documentation.swagger.web.ClassOrApiAnnotationResourceGrouping - Group for method userDetails was user-controller
2018-10-24 10:55:34.142 [main] INFO  org.apache.coyote.http11.Http11NioProtocol - Starting ProtocolHandler ["http-nio-8888"]
2018-10-24 10:55:34.146 [main] INFO  org.apache.tomcat.util.net.NioSelectorPool - Using a shared selector for servlet write/read
2018-10-24 10:55:34.153 [main] INFO  org.springframework.boot.context.embedded.tomcat.TomcatEmbeddedServletContainer - Tomcat started on port(s): 8888 (http)
2018-10-24 10:55:34.154 [main] INFO  org.springframework.cloud.netflix.eureka.serviceregistry.EurekaAutoServiceRegistration - Updating port to 8888
2018-10-24 10:55:34.156 [main] INFO  com.evshang.UserServiceApplication - Started UserServiceApplication in 8.542 seconds (JVM running for 8.86)
2018-10-24 11:00:34.017 [AsyncResolver-bootstrap-executor-0] INFO  com.netflix.discovery.shared.resolver.aws.ConfigClusterResolver - Resolving eureka endpoints via configuration
2018-10-24 11:00:57.716 [http-nio-8888-exec-2] INFO  org.apache.catalina.core.ContainerBase.[Tomcat].[localhost].[/] - Initializing Spring FrameworkServlet 'dispatcherServlet'
2018-10-24 11:00:57.716 [http-nio-8888-exec-2] INFO  org.springframework.web.servlet.DispatcherServlet - FrameworkServlet 'dispatcherServlet': initialization started
2018-10-24 11:00:57.727 [http-nio-8888-exec-2] INFO  org.springframework.web.servlet.DispatcherServlet - FrameworkServlet 'dispatcherServlet': initialization completed in 11 ms
2018-10-24 11:01:04.896 [Thread-6] INFO  org.springframework.boot.context.embedded.AnnotationConfigEmbeddedWebApplicationContext - Closing org.springframework.boot.context.embedded.AnnotationConfigEmbeddedWebApplicationContext@3ba46e63: startup date [Wed Oct 24 10:55:29 CST 2018]; parent: org.springframework.context.annotation.AnnotationConfigApplicationContext@26275bef
2018-10-24 11:01:04.897 [Thread-6] INFO  org.springframework.cloud.netflix.eureka.serviceregistry.EurekaServiceRegistry - Unregistering application evshang-user-service with eureka with status DOWN
2018-10-24 11:01:04.897 [DiscoveryClient-InstanceInfoReplicator-0] INFO  com.netflix.discovery.DiscoveryClient - DiscoveryClient_EVSHANG-USER-SERVICE/localhost:evshang-user-service:8888: registering service...
2018-10-24 11:01:04.898 [Thread-6] INFO  org.springframework.context.support.DefaultLifecycleProcessor - Stopping beans in phase 0
2018-10-24 11:01:04.899 [Thread-6] INFO  org.springframework.jmx.export.annotation.AnnotationMBeanExporter - Unregistering JMX-exposed beans on shutdown
2018-10-24 11:01:04.899 [Thread-6] INFO  org.springframework.jmx.export.annotation.AnnotationMBeanExporter - Unregistering JMX-exposed beans
2018-10-24 11:01:04.900 [DiscoveryClient-InstanceInfoReplicator-0] INFO  com.netflix.discovery.DiscoveryClient - DiscoveryClient_EVSHANG-USER-SERVICE/localhost:evshang-user-service:8888 - registration status: 204
2018-10-24 11:01:04.902 [Thread-6] INFO  com.netflix.discovery.DiscoveryClient - Shutting down DiscoveryClient ...
2018-10-24 11:01:04.905 [Thread-6] INFO  org.springframework.cloud.netflix.eureka.InstanceInfoFactory - Setting initial instance status as: STARTING
2018-10-24 11:01:04.906 [Thread-6] INFO  com.netflix.discovery.DiscoveryClient - Unregistering ...
2018-10-24 11:01:04.909 [Thread-6] INFO  com.netflix.discovery.DiscoveryClient - DiscoveryClient_EVSHANG-USER-SERVICE/localhost:evshang-user-service:8888 - deregister  status: 200
2018-10-24 11:01:04.913 [Thread-6] INFO  com.netflix.discovery.DiscoveryClient - Completed shut down of DiscoveryClient
