2018-10-23 14:51:31.912 [main] INFO  org.springframework.boot.test.context.SpringBootTestContextBootstrapper - Neither @ContextConfiguration nor @ContextHierarchy found for test class [com.evshang.registration.UserServiceApplicationApplicationTests], using SpringBootContextLoader
2018-10-23 14:51:31.915 [main] INFO  org.springframework.test.context.support.AbstractContextLoader - Could not detect default resource locations for test class [com.evshang.registration.UserServiceApplicationApplicationTests]: no resource found for suffixes {-context.xml, Context.groovy}.
2018-10-23 14:51:31.916 [main] INFO  org.springframework.test.context.support.AnnotationConfigContextLoaderUtils - Could not detect default configuration classes for test class [com.evshang.registration.UserServiceApplicationApplicationTests]: UserServiceApplicationApplicationTests does not declare any static, non-private, non-final, nested classes annotated with @Configuration.
2018-10-23 14:51:31.985 [main] INFO  org.springframework.boot.test.context.SpringBootTestContextBootstrapper - Found @SpringBootConfiguration com.evshang.UserServiceApplication for test class com.evshang.registration.UserServiceApplicationApplicationTests
2018-10-23 14:51:31.990 [main] INFO  org.springframework.boot.test.context.SpringBootTestContextBootstrapper - Loaded default TestExecutionListener class names from location [META-INF/spring.factories]: [org.springframework.boot.test.mock.mockito.MockitoTestExecutionListener, org.springframework.boot.test.mock.mockito.ResetMocksTestExecutionListener, org.springframework.boot.test.autoconfigure.restdocs.RestDocsTestExecutionListener, org.springframework.boot.test.autoconfigure.web.client.MockRestServiceServerResetTestExecutionListener, org.springframework.boot.test.autoconfigure.web.servlet.MockMvcPrintOnlyOnFailureTestExecutionListener, org.springframework.boot.test.autoconfigure.web.servlet.WebDriverTestExecutionListener, org.springframework.test.context.web.ServletTestExecutionListener, org.springframework.test.context.support.DirtiesContextBeforeModesTestExecutionListener, org.springframework.test.context.support.DependencyInjectionTestExecutionListener, org.springframework.test.context.support.DirtiesContextTestExecutionListener, org.springframework.test.context.transaction.TransactionalTestExecutionListener, org.springframework.test.context.jdbc.SqlScriptsTestExecutionListener]
2018-10-23 14:51:31.999 [main] INFO  org.springframework.boot.test.context.SpringBootTestContextBootstrapper - Using TestExecutionListeners: [org.springframework.test.context.web.ServletTestExecutionListener@7193666c, org.springframework.test.context.support.DirtiesContextBeforeModesTestExecutionListener@20deea7f, org.springframework.boot.test.mock.mockito.MockitoTestExecutionListener@3835c46, org.springframework.boot.test.autoconfigure.SpringBootDependencyInjectionTestExecutionListener@1dde4cb2, org.springframework.test.context.support.DirtiesContextTestExecutionListener@7714e963, org.springframework.boot.test.mock.mockito.ResetMocksTestExecutionListener@20ce78ec, org.springframework.boot.test.autoconfigure.restdocs.RestDocsTestExecutionListener@393671df, org.springframework.boot.test.autoconfigure.web.client.MockRestServiceServerResetTestExecutionListener@56620197, org.springframework.boot.test.autoconfigure.web.servlet.MockMvcPrintOnlyOnFailureTestExecutionListener@6eda5c9, org.springframework.boot.test.autoconfigure.web.servlet.WebDriverTestExecutionListener@55b7a4e0]
2018-10-23 14:51:32.002 [main] INFO  org.springframework.boot.test.context.SpringBootTestContextBootstrapper - Neither @ContextConfiguration nor @ContextHierarchy found for test class [com.evshang.registration.UserServiceApplicationApplicationTests], using SpringBootContextLoader
2018-10-23 14:51:32.003 [main] INFO  org.springframework.test.context.support.AbstractContextLoader - Could not detect default resource locations for test class [com.evshang.registration.UserServiceApplicationApplicationTests]: no resource found for suffixes {-context.xml, Context.groovy}.
2018-10-23 14:51:32.003 [main] INFO  org.springframework.test.context.support.AnnotationConfigContextLoaderUtils - Could not detect default configuration classes for test class [com.evshang.registration.UserServiceApplicationApplicationTests]: UserServiceApplicationApplicationTests does not declare any static, non-private, non-final, nested classes annotated with @Configuration.
2018-10-23 14:51:32.007 [main] INFO  org.springframework.boot.test.context.SpringBootTestContextBootstrapper - Found @SpringBootConfiguration com.evshang.UserServiceApplication for test class com.evshang.registration.UserServiceApplicationApplicationTests
2018-10-23 14:51:32.011 [main] INFO  org.springframework.boot.test.context.SpringBootTestContextBootstrapper - Loaded default TestExecutionListener class names from location [META-INF/spring.factories]: [org.springframework.boot.test.mock.mockito.MockitoTestExecutionListener, org.springframework.boot.test.mock.mockito.ResetMocksTestExecutionListener, org.springframework.boot.test.autoconfigure.restdocs.RestDocsTestExecutionListener, org.springframework.boot.test.autoconfigure.web.client.MockRestServiceServerResetTestExecutionListener, org.springframework.boot.test.autoconfigure.web.servlet.MockMvcPrintOnlyOnFailureTestExecutionListener, org.springframework.boot.test.autoconfigure.web.servlet.WebDriverTestExecutionListener, org.springframework.test.context.web.ServletTestExecutionListener, org.springframework.test.context.support.DirtiesContextBeforeModesTestExecutionListener, org.springframework.test.context.support.DependencyInjectionTestExecutionListener, org.springframework.test.context.support.DirtiesContextTestExecutionListener, org.springframework.test.context.transaction.TransactionalTestExecutionListener, org.springframework.test.context.jdbc.SqlScriptsTestExecutionListener]
2018-10-23 14:51:32.014 [main] INFO  org.springframework.boot.test.context.SpringBootTestContextBootstrapper - Using TestExecutionListeners: [org.springframework.test.context.web.ServletTestExecutionListener@9597028, org.springframework.test.context.support.DirtiesContextBeforeModesTestExecutionListener@6069db50, org.springframework.boot.test.mock.mockito.MockitoTestExecutionListener@4efbca5a, org.springframework.boot.test.autoconfigure.SpringBootDependencyInjectionTestExecutionListener@1b7cc17c, org.springframework.test.context.support.DirtiesContextTestExecutionListener@59662a0b, org.springframework.boot.test.mock.mockito.ResetMocksTestExecutionListener@77fbd92c, org.springframework.boot.test.autoconfigure.restdocs.RestDocsTestExecutionListener@67c27493, org.springframework.boot.test.autoconfigure.web.client.MockRestServiceServerResetTestExecutionListener@1a482e36, org.springframework.boot.test.autoconfigure.web.servlet.MockMvcPrintOnlyOnFailureTestExecutionListener@72967906, org.springframework.boot.test.autoconfigure.web.servlet.WebDriverTestExecutionListener@5b8dfcc1]
2018-10-23 14:51:33.313 [main] INFO  org.springframework.context.annotation.AnnotationConfigApplicationContext - Refreshing org.springframework.context.annotation.AnnotationConfigApplicationContext@48793bef: startup date [Tue Oct 23 14:51:33 CST 2018]; root of context hierarchy
2018-10-23 14:51:33.516 [main] INFO  org.springframework.beans.factory.annotation.AutowiredAnnotationBeanPostProcessor - JSR-330 'javax.inject.Inject' annotation found and supported for autowiring
2018-10-23 14:51:33.518 [background-preinit] INFO  org.hibernate.validator.internal.util.Version - HV000001: Hibernate Validator 5.3.6.Final
2018-10-23 14:51:33.535 [main] INFO  org.springframework.context.support.PostProcessorRegistrationDelegate$BeanPostProcessorChecker - Bean 'configurationPropertiesRebinderAutoConfiguration' of type [org.springframework.cloud.autoconfigure.ConfigurationPropertiesRebinderAutoConfiguration$$EnhancerBySpringCGLIB$$55937554] is not eligible for getting processed by all BeanPostProcessors (for example: not eligible for auto-proxying)
2018-10-23 14:51:34.704 [main] INFO  org.springframework.cloud.commons.util.InetUtils - Cannot determine local hostname
2018-10-23 14:51:34.765 [main] INFO  org.springframework.cloud.netflix.eureka.InstanceInfoFactory - Setting initial instance status as: STARTING
2018-10-23 14:51:34.816 [main] INFO  com.netflix.discovery.DiscoveryClient - Initializing Eureka in region us-east-1
2018-10-23 14:51:34.967 [main] INFO  com.netflix.discovery.provider.DiscoveryJerseyProvider - Using JSON encoding codec LegacyJacksonJson
2018-10-23 14:51:34.968 [main] INFO  com.netflix.discovery.provider.DiscoveryJerseyProvider - Using JSON decoding codec LegacyJacksonJson
2018-10-23 14:51:35.052 [main] INFO  com.netflix.discovery.provider.DiscoveryJerseyProvider - Using XML encoding codec XStreamXml
2018-10-23 14:51:35.053 [main] INFO  com.netflix.discovery.provider.DiscoveryJerseyProvider - Using XML decoding codec XStreamXml
2018-10-23 14:51:35.178 [main] INFO  com.netflix.discovery.shared.resolver.aws.ConfigClusterResolver - Resolving eureka endpoints via configuration
2018-10-23 14:51:35.193 [main] INFO  com.netflix.discovery.DiscoveryClient - Disable delta property : false
2018-10-23 14:51:35.193 [main] INFO  com.netflix.discovery.DiscoveryClient - Single vip registry refresh property : null
2018-10-23 14:51:35.193 [main] INFO  com.netflix.discovery.DiscoveryClient - Force full registry fetch : false
2018-10-23 14:51:35.193 [main] INFO  com.netflix.discovery.DiscoveryClient - Application is null : false
2018-10-23 14:51:35.193 [main] INFO  com.netflix.discovery.DiscoveryClient - Registered Applications size is zero : true
2018-10-23 14:51:35.193 [main] INFO  com.netflix.discovery.DiscoveryClient - Application version is -1: true
2018-10-23 14:51:35.193 [main] INFO  com.netflix.discovery.DiscoveryClient - Getting all instance registry info from the eureka server
2018-10-23 14:51:35.289 [main] INFO  com.netflix.discovery.DiscoveryClient - The response status is 200
2018-10-23 14:51:35.290 [main] INFO  com.netflix.discovery.DiscoveryClient - Not registering with Eureka server per configuration
2018-10-23 14:51:35.292 [main] INFO  com.netflix.discovery.DiscoveryClient - Discovery Client initialized at timestamp 1540277495292 with initial instances count: 2
2018-10-23 14:51:36.393 [main] INFO  org.springframework.cloud.config.client.ConfigServicePropertySourceLocator - Fetching config from server at: http://localhost:8800/
2018-10-23 14:51:38.365 [main] INFO  org.springframework.cloud.config.client.ConfigServicePropertySourceLocator - Located environment: name=evshang-user-service, profiles=[dev], label=master, version=39177805b545a5b8f7e854db7cd5a97bc71ac102, state=null
2018-10-23 14:51:38.365 [main] INFO  org.springframework.cloud.bootstrap.config.PropertySourceBootstrapConfiguration - Located property source: CompositePropertySource [name='configService', propertySources=[MapPropertySource {name='configClient'}, MapPropertySource {name='https://github.com/misskter/spring-cloud-project-config/application.properties'}]]
2018-10-23 14:51:38.371 [main] INFO  com.evshang.registration.UserServiceApplicationApplicationTests - No active profile set, falling back to default profiles: default
2018-10-23 14:51:38.374 [main] INFO  org.springframework.web.context.support.GenericWebApplicationContext - Refreshing org.springframework.web.context.support.GenericWebApplicationContext@15f35bc3: startup date [Tue Oct 23 14:51:38 CST 2018]; parent: org.springframework.context.annotation.AnnotationConfigApplicationContext@48793bef
2018-10-23 14:51:38.826 [main] INFO  org.springframework.cloud.context.scope.GenericScope - BeanFactory id=2c874661-ee5e-3afc-a13e-4487230537e7
2018-10-23 14:51:38.859 [main] INFO  org.springframework.beans.factory.annotation.AutowiredAnnotationBeanPostProcessor - JSR-330 'javax.inject.Inject' annotation found and supported for autowiring
2018-10-23 14:51:38.979 [main] INFO  org.springframework.context.support.PostProcessorRegistrationDelegate$BeanPostProcessorChecker - Bean 'org.springframework.cloud.autoconfigure.ConfigurationPropertiesRebinderAutoConfiguration' of type [org.springframework.cloud.autoconfigure.ConfigurationPropertiesRebinderAutoConfiguration$$EnhancerBySpringCGLIB$$55937554] is not eligible for getting processed by all BeanPostProcessors (for example: not eligible for auto-proxying)
2018-10-23 14:51:39.321 [main] INFO  org.springframework.web.servlet.mvc.method.annotation.RequestMappingHandlerMapping - Mapped "{[/userDetails/{userId}],methods=[GET]}" onto public java.lang.String com.evshang.controller.UserController.userDetails(java.lang.String)
2018-10-23 14:51:39.322 [main] INFO  org.springframework.web.servlet.mvc.method.annotation.RequestMappingHandlerMapping - Mapped "{[/v2/api-docs],methods=[GET]}" onto public org.springframework.http.ResponseEntity<springfox.documentation.spring.web.json.Json> springfox.documentation.swagger2.web.Swagger2Controller.getDocumentation(java.lang.String)
2018-10-23 14:51:39.323 [main] INFO  org.springframework.web.servlet.mvc.method.annotation.RequestMappingHandlerMapping - Mapped "{[/configuration/security]}" onto org.springframework.http.ResponseEntity<springfox.documentation.swagger.web.SecurityConfiguration> springfox.documentation.swagger.web.ApiResourceController.securityConfiguration()
2018-10-23 14:51:39.324 [main] INFO  org.springframework.web.servlet.mvc.method.annotation.RequestMappingHandlerMapping - Mapped "{[/configuration/ui]}" onto org.springframework.http.ResponseEntity<springfox.documentation.swagger.web.UiConfiguration> springfox.documentation.swagger.web.ApiResourceController.uiConfiguration()
2018-10-23 14:51:39.324 [main] INFO  org.springframework.web.servlet.mvc.method.annotation.RequestMappingHandlerMapping - Mapped "{[/swagger-resources]}" onto org.springframework.http.ResponseEntity<java.util.List<springfox.documentation.swagger.web.SwaggerResource>> springfox.documentation.swagger.web.ApiResourceController.swaggerResources()
2018-10-23 14:51:39.326 [main] INFO  org.springframework.web.servlet.mvc.method.annotation.RequestMappingHandlerMapping - Mapped "{[/error],produces=[text/html]}" onto public org.springframework.web.servlet.ModelAndView org.springframework.boot.autoconfigure.web.BasicErrorController.errorHtml(javax.servlet.http.HttpServletRequest,javax.servlet.http.HttpServletResponse)
2018-10-23 14:51:39.326 [main] INFO  org.springframework.web.servlet.mvc.method.annotation.RequestMappingHandlerMapping - Mapped "{[/error]}" onto public org.springframework.http.ResponseEntity<java.util.Map<java.lang.String, java.lang.Object>> org.springframework.boot.autoconfigure.web.BasicErrorController.error(javax.servlet.http.HttpServletRequest)
2018-10-23 14:51:39.531 [main] INFO  com.netflix.config.sources.URLConfigurationSource - To enable URLs as dynamic configuration sources, define System property archaius.configurationSource.additionalUrls or make config.properties available on classpath.
2018-10-23 14:51:39.535 [main] INFO  com.netflix.config.sources.URLConfigurationSource - To enable URLs as dynamic configuration sources, define System property archaius.configurationSource.additionalUrls or make config.properties available on classpath.
2018-10-23 14:51:39.639 [main] INFO  org.springframework.web.servlet.mvc.method.annotation.RequestMappingHandlerAdapter - Looking for @ControllerAdvice: org.springframework.web.context.support.GenericWebApplicationContext@15f35bc3: startup date [Tue Oct 23 14:51:38 CST 2018]; parent: org.springframework.context.annotation.AnnotationConfigApplicationContext@48793bef
2018-10-23 14:51:39.678 [main] INFO  org.springframework.web.servlet.handler.SimpleUrlHandlerMapping - Mapped URL path [/webjars/**] onto handler of type [class org.springframework.web.servlet.resource.ResourceHttpRequestHandler]
2018-10-23 14:51:39.678 [main] INFO  org.springframework.web.servlet.handler.SimpleUrlHandlerMapping - Mapped URL path [/**] onto handler of type [class org.springframework.web.servlet.resource.ResourceHttpRequestHandler]
2018-10-23 14:51:39.709 [main] INFO  org.springframework.web.servlet.handler.SimpleUrlHandlerMapping - Mapped URL path [/**/favicon.ico] onto handler of type [class org.springframework.web.servlet.resource.ResourceHttpRequestHandler]
2018-10-23 14:51:40.816 [main] INFO  org.springframework.cloud.commons.util.InetUtils - Cannot determine local hostname
2018-10-23 14:51:41.937 [main] INFO  org.springframework.cloud.commons.util.InetUtils - Cannot determine local hostname
2018-10-23 14:51:42.027 [main] INFO  com.netflix.discovery.DiscoveryClient - Shutting down DiscoveryClient ...
2018-10-23 14:51:42.032 [main] INFO  com.netflix.discovery.DiscoveryClient - Completed shut down of DiscoveryClient
2018-10-23 14:51:42.086 [main] INFO  org.springframework.context.support.DefaultLifecycleProcessor - Starting beans in phase 0
2018-10-23 14:51:42.097 [main] INFO  springfox.documentation.spring.web.plugins.DocumentationPluginsBootstrapper - Context refreshed
2018-10-23 14:51:42.106 [main] INFO  springfox.documentation.spring.web.plugins.DocumentationPluginsBootstrapper - Found {0} custom documentation plugin(s)
2018-10-23 14:51:42.110 [main] INFO  springfox.documentation.spring.web.scanners.ApiListingReferenceScanner - Scanning for api listing references
2018-10-23 14:51:42.111 [main] INFO  springfox.documentation.swagger.web.ClassOrApiAnnotationResourceGrouping - Group for method errorHtml was basic-error-controller
2018-10-23 14:51:42.113 [main] INFO  springfox.documentation.spring.web.scanners.ApiListingReferenceScanner - Request mapping: errorHtml belongs to groups: [[ResourceGroup{groupName='basic-error-controller', position=0, controller=org.springframework.boot.autoconfigure.web.BasicErrorController}]] 
2018-10-23 14:51:42.113 [main] INFO  springfox.documentation.swagger.web.ClassOrApiAnnotationResourceGrouping - Group for method error was basic-error-controller
2018-10-23 14:51:42.113 [main] INFO  springfox.documentation.spring.web.scanners.ApiListingReferenceScanner - Request mapping: error belongs to groups: [[ResourceGroup{groupName='basic-error-controller', position=0, controller=org.springframework.boot.autoconfigure.web.BasicErrorController}]] 
2018-10-23 14:51:42.113 [main] INFO  springfox.documentation.swagger.web.ClassOrApiAnnotationResourceGrouping - Group for method userDetails was user-controller
2018-10-23 14:51:42.113 [main] INFO  springfox.documentation.spring.web.scanners.ApiListingReferenceScanner - Request mapping: userDetails belongs to groups: [[ResourceGroup{groupName='user-controller', position=0, controller=com.evshang.controller.UserController}]] 
2018-10-23 14:51:42.116 [main] INFO  springfox.documentation.spring.web.scanners.ApiListingReferenceScanner - Created resource listing Path: /default/basic-error-controller Description: basic-error-controller Position: 0
2018-10-23 14:51:42.116 [main] INFO  springfox.documentation.spring.web.scanners.ApiListingReferenceScanner - Created resource listing Path: /default/user-controller Description: user-controller Position: 0
2018-10-23 14:51:42.125 [main] INFO  springfox.documentation.schema.ModelContextKeyGenerator - Cache Key Generated: java.util.Map<java.lang.String,java.lang.Object>(true)
2018-10-23 14:51:42.125 [main] INFO  springfox.documentation.spring.web.caching.CachingAspect - Caching aspect applied for cache models with key java.util.Map<java.lang.String,java.lang.Object>(true)
2018-10-23 14:51:42.129 [main] INFO  springfox.documentation.schema.ModelContextKeyGenerator - Cache Key Generated: java.util.Map<java.lang.String,java.lang.Object>(true)
2018-10-23 14:51:42.129 [main] INFO  springfox.documentation.spring.web.caching.CachingAspect - Caching aspect applied for cache modelDependencies with key java.util.Map<java.lang.String,java.lang.Object>(true)
2018-10-23 14:51:42.133 [main] INFO  springfox.documentation.spring.web.OperationsKeyGenerator - Cache key generated: /error.org.springframework.boot.autoconfigure.web.BasicErrorController.error.DefaultGenericTypeNamingStrategy
2018-10-23 14:51:42.133 [main] INFO  springfox.documentation.spring.web.caching.CachingAspect - Caching aspect applied for cache operations with key /error.org.springframework.boot.autoconfigure.web.BasicErrorController.error.DefaultGenericTypeNamingStrategy
2018-10-23 14:51:42.140 [main] INFO  springfox.documentation.swagger.web.ClassOrApiAnnotationResourceGrouping - Group for method error was basic-error-controller
2018-10-23 14:51:42.142 [main] INFO  springfox.documentation.swagger.web.ClassOrApiAnnotationResourceGrouping - Group for method error was basic-error-controller
2018-10-23 14:51:42.144 [main] INFO  springfox.documentation.swagger.web.ClassOrApiAnnotationResourceGrouping - Group for method error was basic-error-controller
2018-10-23 14:51:42.145 [main] INFO  springfox.documentation.swagger.web.ClassOrApiAnnotationResourceGrouping - Group for method error was basic-error-controller
2018-10-23 14:51:42.146 [main] INFO  springfox.documentation.swagger.web.ClassOrApiAnnotationResourceGrouping - Group for method error was basic-error-controller
2018-10-23 14:51:42.147 [main] INFO  springfox.documentation.swagger.web.ClassOrApiAnnotationResourceGrouping - Group for method error was basic-error-controller
2018-10-23 14:51:42.148 [main] INFO  springfox.documentation.swagger.web.ClassOrApiAnnotationResourceGrouping - Group for method error was basic-error-controller
2018-10-23 14:51:42.148 [main] INFO  springfox.documentation.swagger.web.ClassOrApiAnnotationResourceGrouping - Group for method error was basic-error-controller
2018-10-23 14:51:42.149 [main] INFO  springfox.documentation.swagger.web.ClassOrApiAnnotationResourceGrouping - Group for method error was basic-error-controller
2018-10-23 14:51:42.150 [main] INFO  springfox.documentation.swagger.web.ClassOrApiAnnotationResourceGrouping - Group for method error was basic-error-controller
2018-10-23 14:51:42.150 [main] INFO  springfox.documentation.swagger.web.ClassOrApiAnnotationResourceGrouping - Group for method error was basic-error-controller
2018-10-23 14:51:42.151 [main] INFO  springfox.documentation.swagger.web.ClassOrApiAnnotationResourceGrouping - Group for method error was basic-error-controller
2018-10-23 14:51:42.152 [main] INFO  springfox.documentation.swagger.web.ClassOrApiAnnotationResourceGrouping - Group for method error was basic-error-controller
2018-10-23 14:51:42.153 [main] INFO  springfox.documentation.swagger.web.ClassOrApiAnnotationResourceGrouping - Group for method error was basic-error-controller
2018-10-23 14:51:42.153 [main] INFO  springfox.documentation.swagger.web.ClassOrApiAnnotationResourceGrouping - Group for method error was basic-error-controller
2018-10-23 14:51:42.154 [main] INFO  springfox.documentation.swagger.web.ClassOrApiAnnotationResourceGrouping - Group for method error was basic-error-controller
2018-10-23 14:51:42.157 [main] INFO  springfox.documentation.schema.ModelContextKeyGenerator - Cache Key Generated: org.springframework.web.servlet.ModelAndView(true)
2018-10-23 14:51:42.157 [main] INFO  springfox.documentation.spring.web.caching.CachingAspect - Caching aspect applied for cache models with key org.springframework.web.servlet.ModelAndView(true)
2018-10-23 14:51:42.158 [main] INFO  springfox.documentation.schema.property.ModelPropertiesKeyGenerator - Cache key generated: org.springframework.web.servlet.ModelAndView(true)
2018-10-23 14:51:42.158 [main] INFO  springfox.documentation.spring.web.caching.CachingAspect - Caching aspect applied for cache modelProperties with key org.springframework.web.servlet.ModelAndView(true)
2018-10-23 14:51:42.165 [main] INFO  springfox.documentation.schema.ModelContextKeyGenerator - Cache Key Generated: org.springframework.web.servlet.ModelAndView(true)
2018-10-23 14:51:42.165 [main] INFO  springfox.documentation.spring.web.caching.CachingAspect - Caching aspect applied for cache modelDependencies with key org.springframework.web.servlet.ModelAndView(true)
2018-10-23 14:51:42.166 [main] INFO  springfox.documentation.schema.property.ModelPropertiesKeyGenerator - Cache key generated: org.springframework.web.servlet.ModelAndView(true)
2018-10-23 14:51:42.166 [main] INFO  springfox.documentation.spring.web.caching.CachingAspect - Caching aspect applied for cache modelProperties with key org.springframework.web.servlet.ModelAndView(true)
2018-10-23 14:51:42.166 [main] INFO  springfox.documentation.schema.property.ModelPropertiesKeyGenerator - Cache key generated: org.springframework.web.servlet.View(true)
2018-10-23 14:51:42.166 [main] INFO  springfox.documentation.spring.web.caching.CachingAspect - Caching aspect applied for cache modelProperties with key org.springframework.web.servlet.View(true)
2018-10-23 14:51:42.167 [main] INFO  springfox.documentation.schema.property.ModelPropertiesKeyGenerator - Cache key generated: org.springframework.web.servlet.View(true)
2018-10-23 14:51:42.167 [main] INFO  springfox.documentation.spring.web.caching.CachingAspect - Caching aspect applied for cache modelProperties with key org.springframework.web.servlet.View(true)
2018-10-23 14:51:42.167 [main] INFO  springfox.documentation.spring.web.OperationsKeyGenerator - Cache key generated: /error.org.springframework.boot.autoconfigure.web.BasicErrorController.errorHtml.DefaultGenericTypeNamingStrategy
2018-10-23 14:51:42.167 [main] INFO  springfox.documentation.spring.web.caching.CachingAspect - Caching aspect applied for cache operations with key /error.org.springframework.boot.autoconfigure.web.BasicErrorController.errorHtml.DefaultGenericTypeNamingStrategy
2018-10-23 14:51:42.168 [main] INFO  springfox.documentation.swagger.web.ClassOrApiAnnotationResourceGrouping - Group for method errorHtml was basic-error-controller
2018-10-23 14:51:42.168 [main] INFO  springfox.documentation.swagger.web.ClassOrApiAnnotationResourceGrouping - Group for method errorHtml was basic-error-controller
2018-10-23 14:51:42.169 [main] INFO  springfox.documentation.swagger.web.ClassOrApiAnnotationResourceGrouping - Group for method errorHtml was basic-error-controller
2018-10-23 14:51:42.169 [main] INFO  springfox.documentation.swagger.web.ClassOrApiAnnotationResourceGrouping - Group for method errorHtml was basic-error-controller
2018-10-23 14:51:42.169 [main] INFO  springfox.documentation.swagger.web.ClassOrApiAnnotationResourceGrouping - Group for method errorHtml was basic-error-controller
2018-10-23 14:51:42.170 [main] INFO  springfox.documentation.swagger.web.ClassOrApiAnnotationResourceGrouping - Group for method errorHtml was basic-error-controller
2018-10-23 14:51:42.170 [main] INFO  springfox.documentation.swagger.web.ClassOrApiAnnotationResourceGrouping - Group for method errorHtml was basic-error-controller
2018-10-23 14:51:42.171 [main] INFO  springfox.documentation.swagger.web.ClassOrApiAnnotationResourceGrouping - Group for method errorHtml was basic-error-controller
2018-10-23 14:51:42.171 [main] INFO  springfox.documentation.swagger.web.ClassOrApiAnnotationResourceGrouping - Group for method errorHtml was basic-error-controller
2018-10-23 14:51:42.171 [main] INFO  springfox.documentation.swagger.web.ClassOrApiAnnotationResourceGrouping - Group for method errorHtml was basic-error-controller
2018-10-23 14:51:42.172 [main] INFO  springfox.documentation.swagger.web.ClassOrApiAnnotationResourceGrouping - Group for method errorHtml was basic-error-controller
2018-10-23 14:51:42.172 [main] INFO  springfox.documentation.swagger.web.ClassOrApiAnnotationResourceGrouping - Group for method errorHtml was basic-error-controller
2018-10-23 14:51:42.173 [main] INFO  springfox.documentation.swagger.web.ClassOrApiAnnotationResourceGrouping - Group for method errorHtml was basic-error-controller
2018-10-23 14:51:42.173 [main] INFO  springfox.documentation.swagger.web.ClassOrApiAnnotationResourceGrouping - Group for method errorHtml was basic-error-controller
2018-10-23 14:51:42.173 [main] INFO  springfox.documentation.swagger.web.ClassOrApiAnnotationResourceGrouping - Group for method errorHtml was basic-error-controller
2018-10-23 14:51:42.174 [main] INFO  springfox.documentation.swagger.web.ClassOrApiAnnotationResourceGrouping - Group for method errorHtml was basic-error-controller
2018-10-23 14:51:42.182 [main] INFO  springfox.documentation.schema.ModelContextKeyGenerator - Cache Key Generated: java.lang.String(true)
2018-10-23 14:51:42.182 [main] INFO  springfox.documentation.spring.web.caching.CachingAspect - Caching aspect applied for cache models with key java.lang.String(true)
2018-10-23 14:51:42.182 [main] INFO  springfox.documentation.schema.ModelContextKeyGenerator - Cache Key Generated: java.lang.String(true)
2018-10-23 14:51:42.182 [main] INFO  springfox.documentation.spring.web.caching.CachingAspect - Caching aspect applied for cache modelDependencies with key java.lang.String(true)
2018-10-23 14:51:42.182 [main] INFO  springfox.documentation.spring.web.OperationsKeyGenerator - Cache key generated: /userDetails/{userId}.com.evshang.controller.UserController.userDetails.DefaultGenericTypeNamingStrategy
2018-10-23 14:51:42.182 [main] INFO  springfox.documentation.spring.web.caching.CachingAspect - Caching aspect applied for cache operations with key /userDetails/{userId}.com.evshang.controller.UserController.userDetails.DefaultGenericTypeNamingStrategy
2018-10-23 14:51:42.186 [main] INFO  springfox.documentation.swagger.web.ClassOrApiAnnotationResourceGrouping - Group for method userDetails was user-controller
2018-10-23 14:51:42.186 [main] INFO  springfox.documentation.swagger.web.ClassOrApiAnnotationResourceGrouping - Group for method userDetails was user-controller
2018-10-23 14:51:42.195 [main] INFO  com.evshang.registration.UserServiceApplicationApplicationTests - Started UserServiceApplicationApplicationTests in 10.132 seconds (JVM running for 10.61)
2018-10-23 14:51:42.231 [Thread-5] INFO  org.springframework.web.context.support.GenericWebApplicationContext - Closing org.springframework.web.context.support.GenericWebApplicationContext@15f35bc3: startup date [Tue Oct 23 14:51:38 CST 2018]; parent: org.springframework.context.annotation.AnnotationConfigApplicationContext@48793bef
2018-10-23 14:51:42.234 [Thread-5] INFO  org.springframework.cloud.netflix.eureka.InstanceInfoFactory - Setting initial instance status as: STARTING
2018-10-23 14:51:42.235 [Thread-5] INFO  org.springframework.cloud.netflix.eureka.serviceregistry.EurekaServiceRegistry - Unregistering application evshang-user-service with eureka with status DOWN
2018-10-23 14:51:42.236 [Thread-5] INFO  org.springframework.context.support.DefaultLifecycleProcessor - Stopping beans in phase 0
