2018-10-24 10:05:13.810 [main] INFO  org.springframework.boot.test.context.SpringBootTestContextBootstrapper - Neither @ContextConfiguration nor @ContextHierarchy found for test class [com.evshang.registration.UserServiceApplicationApplicationTests], using SpringBootContextLoader
2018-10-24 10:05:13.813 [main] INFO  org.springframework.test.context.support.AbstractContextLoader - Could not detect default resource locations for test class [com.evshang.registration.UserServiceApplicationApplicationTests]: no resource found for suffixes {-context.xml, Context.groovy}.
2018-10-24 10:05:13.814 [main] INFO  org.springframework.test.context.support.AnnotationConfigContextLoaderUtils - Could not detect default configuration classes for test class [com.evshang.registration.UserServiceApplicationApplicationTests]: UserServiceApplicationApplicationTests does not declare any static, non-private, non-final, nested classes annotated with @Configuration.
2018-10-24 10:05:13.875 [main] INFO  org.springframework.boot.test.context.SpringBootTestContextBootstrapper - Found @SpringBootConfiguration com.evshang.UserServiceApplication for test class com.evshang.registration.UserServiceApplicationApplicationTests
2018-10-24 10:05:13.879 [main] INFO  org.springframework.boot.test.context.SpringBootTestContextBootstrapper - Loaded default TestExecutionListener class names from location [META-INF/spring.factories]: [org.springframework.boot.test.mock.mockito.MockitoTestExecutionListener, org.springframework.boot.test.mock.mockito.ResetMocksTestExecutionListener, org.springframework.boot.test.autoconfigure.restdocs.RestDocsTestExecutionListener, org.springframework.boot.test.autoconfigure.web.client.MockRestServiceServerResetTestExecutionListener, org.springframework.boot.test.autoconfigure.web.servlet.MockMvcPrintOnlyOnFailureTestExecutionListener, org.springframework.boot.test.autoconfigure.web.servlet.WebDriverTestExecutionListener, org.springframework.test.context.web.ServletTestExecutionListener, org.springframework.test.context.support.DirtiesContextBeforeModesTestExecutionListener, org.springframework.test.context.support.DependencyInjectionTestExecutionListener, org.springframework.test.context.support.DirtiesContextTestExecutionListener, org.springframework.test.context.transaction.TransactionalTestExecutionListener, org.springframework.test.context.jdbc.SqlScriptsTestExecutionListener]
2018-10-24 10:05:13.887 [main] INFO  org.springframework.boot.test.context.SpringBootTestContextBootstrapper - Using TestExecutionListeners: [org.springframework.test.context.web.ServletTestExecutionListener@7714e963, org.springframework.test.context.support.DirtiesContextBeforeModesTestExecutionListener@20ce78ec, org.springframework.boot.test.mock.mockito.MockitoTestExecutionListener@393671df, org.springframework.boot.test.autoconfigure.SpringBootDependencyInjectionTestExecutionListener@56620197, org.springframework.test.context.support.DirtiesContextTestExecutionListener@6eda5c9, org.springframework.boot.test.mock.mockito.ResetMocksTestExecutionListener@55b7a4e0, org.springframework.boot.test.autoconfigure.restdocs.RestDocsTestExecutionListener@5f058f00, org.springframework.boot.test.autoconfigure.web.client.MockRestServiceServerResetTestExecutionListener@192d43ce, org.springframework.boot.test.autoconfigure.web.servlet.MockMvcPrintOnlyOnFailureTestExecutionListener@72057ecf, org.springframework.boot.test.autoconfigure.web.servlet.WebDriverTestExecutionListener@1afd44cb]
2018-10-24 10:05:13.891 [main] INFO  org.springframework.boot.test.context.SpringBootTestContextBootstrapper - Neither @ContextConfiguration nor @ContextHierarchy found for test class [com.evshang.registration.UserServiceApplicationApplicationTests], using SpringBootContextLoader
2018-10-24 10:05:13.891 [main] INFO  org.springframework.test.context.support.AbstractContextLoader - Could not detect default resource locations for test class [com.evshang.registration.UserServiceApplicationApplicationTests]: no resource found for suffixes {-context.xml, Context.groovy}.
2018-10-24 10:05:13.892 [main] INFO  org.springframework.test.context.support.AnnotationConfigContextLoaderUtils - Could not detect default configuration classes for test class [com.evshang.registration.UserServiceApplicationApplicationTests]: UserServiceApplicationApplicationTests does not declare any static, non-private, non-final, nested classes annotated with @Configuration.
2018-10-24 10:05:13.896 [main] INFO  org.springframework.boot.test.context.SpringBootTestContextBootstrapper - Found @SpringBootConfiguration com.evshang.UserServiceApplication for test class com.evshang.registration.UserServiceApplicationApplicationTests
2018-10-24 10:05:13.900 [main] INFO  org.springframework.boot.test.context.SpringBootTestContextBootstrapper - Loaded default TestExecutionListener class names from location [META-INF/spring.factories]: [org.springframework.boot.test.mock.mockito.MockitoTestExecutionListener, org.springframework.boot.test.mock.mockito.ResetMocksTestExecutionListener, org.springframework.boot.test.autoconfigure.restdocs.RestDocsTestExecutionListener, org.springframework.boot.test.autoconfigure.web.client.MockRestServiceServerResetTestExecutionListener, org.springframework.boot.test.autoconfigure.web.servlet.MockMvcPrintOnlyOnFailureTestExecutionListener, org.springframework.boot.test.autoconfigure.web.servlet.WebDriverTestExecutionListener, org.springframework.test.context.web.ServletTestExecutionListener, org.springframework.test.context.support.DirtiesContextBeforeModesTestExecutionListener, org.springframework.test.context.support.DependencyInjectionTestExecutionListener, org.springframework.test.context.support.DirtiesContextTestExecutionListener, org.springframework.test.context.transaction.TransactionalTestExecutionListener, org.springframework.test.context.jdbc.SqlScriptsTestExecutionListener]
2018-10-24 10:05:13.902 [main] INFO  org.springframework.boot.test.context.SpringBootTestContextBootstrapper - Using TestExecutionListeners: [org.springframework.test.context.web.ServletTestExecutionListener@59662a0b, org.springframework.test.context.support.DirtiesContextBeforeModesTestExecutionListener@77fbd92c, org.springframework.boot.test.mock.mockito.MockitoTestExecutionListener@67c27493, org.springframework.boot.test.autoconfigure.SpringBootDependencyInjectionTestExecutionListener@1a482e36, org.springframework.test.context.support.DirtiesContextTestExecutionListener@72967906, org.springframework.boot.test.mock.mockito.ResetMocksTestExecutionListener@5b8dfcc1, org.springframework.boot.test.autoconfigure.restdocs.RestDocsTestExecutionListener@2f9f7dcf, org.springframework.boot.test.autoconfigure.web.client.MockRestServiceServerResetTestExecutionListener@747ddf94, org.springframework.boot.test.autoconfigure.web.servlet.MockMvcPrintOnlyOnFailureTestExecutionListener@35e2d654, org.springframework.boot.test.autoconfigure.web.servlet.WebDriverTestExecutionListener@1bd4fdd]
2018-10-24 10:05:15.199 [main] INFO  org.springframework.context.annotation.AnnotationConfigApplicationContext - Refreshing org.springframework.context.annotation.AnnotationConfigApplicationContext@7aaca91a: startup date [Wed Oct 24 10:05:15 CST 2018]; root of context hierarchy
2018-10-24 10:05:15.376 [main] INFO  org.springframework.beans.factory.annotation.AutowiredAnnotationBeanPostProcessor - JSR-330 'javax.inject.Inject' annotation found and supported for autowiring
2018-10-24 10:05:15.412 [background-preinit] INFO  org.hibernate.validator.internal.util.Version - HV000001: Hibernate Validator 5.3.6.Final
2018-10-24 10:05:15.415 [main] INFO  org.springframework.context.support.PostProcessorRegistrationDelegate$BeanPostProcessorChecker - Bean 'configurationPropertiesRebinderAutoConfiguration' of type [org.springframework.cloud.autoconfigure.ConfigurationPropertiesRebinderAutoConfiguration$$EnhancerBySpringCGLIB$$a0c38393] is not eligible for getting processed by all BeanPostProcessors (for example: not eligible for auto-proxying)
2018-10-24 10:05:16.563 [main] INFO  org.springframework.cloud.commons.util.InetUtils - Cannot determine local hostname
2018-10-24 10:05:16.652 [main] INFO  org.springframework.cloud.netflix.eureka.InstanceInfoFactory - Setting initial instance status as: STARTING
2018-10-24 10:05:16.703 [main] INFO  com.netflix.discovery.DiscoveryClient - Initializing Eureka in region us-east-1
2018-10-24 10:05:16.834 [main] INFO  com.netflix.discovery.provider.DiscoveryJerseyProvider - Using JSON encoding codec LegacyJacksonJson
2018-10-24 10:05:16.834 [main] INFO  com.netflix.discovery.provider.DiscoveryJerseyProvider - Using JSON decoding codec LegacyJacksonJson
2018-10-24 10:05:16.914 [main] INFO  com.netflix.discovery.provider.DiscoveryJerseyProvider - Using XML encoding codec XStreamXml
2018-10-24 10:05:16.914 [main] INFO  com.netflix.discovery.provider.DiscoveryJerseyProvider - Using XML decoding codec XStreamXml
2018-10-24 10:05:17.037 [main] INFO  com.netflix.discovery.shared.resolver.aws.ConfigClusterResolver - Resolving eureka endpoints via configuration
2018-10-24 10:05:17.048 [main] INFO  com.netflix.discovery.DiscoveryClient - Disable delta property : false
2018-10-24 10:05:17.048 [main] INFO  com.netflix.discovery.DiscoveryClient - Single vip registry refresh property : null
2018-10-24 10:05:17.048 [main] INFO  com.netflix.discovery.DiscoveryClient - Force full registry fetch : false
2018-10-24 10:05:17.048 [main] INFO  com.netflix.discovery.DiscoveryClient - Application is null : false
2018-10-24 10:05:17.048 [main] INFO  com.netflix.discovery.DiscoveryClient - Registered Applications size is zero : true
2018-10-24 10:05:17.048 [main] INFO  com.netflix.discovery.DiscoveryClient - Application version is -1: true
2018-10-24 10:05:17.048 [main] INFO  com.netflix.discovery.DiscoveryClient - Getting all instance registry info from the eureka server
2018-10-24 10:05:17.095 [main] INFO  com.netflix.discovery.DiscoveryClient - Not registering with Eureka server per configuration
2018-10-24 10:05:17.098 [main] INFO  com.netflix.discovery.DiscoveryClient - Discovery Client initialized at timestamp 1540346717098 with initial instances count: 0
2018-10-24 10:05:18.241 [main] INFO  org.springframework.cloud.config.client.ConfigServicePropertySourceLocator - Fetching config from server at: http://localhost:8880/
2018-10-24 10:05:18.287 [main] INFO  com.evshang.registration.UserServiceApplicationApplicationTests - No active profile set, falling back to default profiles: default
2018-10-24 10:05:18.289 [main] INFO  org.springframework.web.context.support.GenericWebApplicationContext - Refreshing org.springframework.web.context.support.GenericWebApplicationContext@68ee3b6d: startup date [Wed Oct 24 10:05:18 CST 2018]; parent: org.springframework.context.annotation.AnnotationConfigApplicationContext@7aaca91a
2018-10-24 10:05:18.703 [main] INFO  org.springframework.cloud.context.scope.GenericScope - BeanFactory id=2c874661-ee5e-3afc-a13e-4487230537e7
2018-10-24 10:05:18.734 [main] INFO  org.springframework.beans.factory.annotation.AutowiredAnnotationBeanPostProcessor - JSR-330 'javax.inject.Inject' annotation found and supported for autowiring
2018-10-24 10:05:18.841 [main] INFO  org.springframework.context.support.PostProcessorRegistrationDelegate$BeanPostProcessorChecker - Bean 'org.springframework.cloud.autoconfigure.ConfigurationPropertiesRebinderAutoConfiguration' of type [org.springframework.cloud.autoconfigure.ConfigurationPropertiesRebinderAutoConfiguration$$EnhancerBySpringCGLIB$$a0c38393] is not eligible for getting processed by all BeanPostProcessors (for example: not eligible for auto-proxying)
2018-10-24 10:05:19.149 [main] INFO  org.springframework.web.servlet.mvc.method.annotation.RequestMappingHandlerMapping - Mapped "{[/userDetails/{userId}],methods=[GET]}" onto public java.lang.String com.evshang.controller.UserController.userDetails(java.lang.String)
2018-10-24 10:05:19.149 [main] INFO  org.springframework.web.servlet.mvc.method.annotation.RequestMappingHandlerMapping - Mapped "{[/v2/api-docs],methods=[GET]}" onto public org.springframework.http.ResponseEntity<springfox.documentation.spring.web.json.Json> springfox.documentation.swagger2.web.Swagger2Controller.getDocumentation(java.lang.String)
2018-10-24 10:05:19.150 [main] INFO  org.springframework.web.servlet.mvc.method.annotation.RequestMappingHandlerMapping - Mapped "{[/configuration/security]}" onto org.springframework.http.ResponseEntity<springfox.documentation.swagger.web.SecurityConfiguration> springfox.documentation.swagger.web.ApiResourceController.securityConfiguration()
2018-10-24 10:05:19.150 [main] INFO  org.springframework.web.servlet.mvc.method.annotation.RequestMappingHandlerMapping - Mapped "{[/configuration/ui]}" onto org.springframework.http.ResponseEntity<springfox.documentation.swagger.web.UiConfiguration> springfox.documentation.swagger.web.ApiResourceController.uiConfiguration()
2018-10-24 10:05:19.151 [main] INFO  org.springframework.web.servlet.mvc.method.annotation.RequestMappingHandlerMapping - Mapped "{[/swagger-resources]}" onto org.springframework.http.ResponseEntity<java.util.List<springfox.documentation.swagger.web.SwaggerResource>> springfox.documentation.swagger.web.ApiResourceController.swaggerResources()
2018-10-24 10:05:19.152 [main] INFO  org.springframework.web.servlet.mvc.method.annotation.RequestMappingHandlerMapping - Mapped "{[/error],produces=[text/html]}" onto public org.springframework.web.servlet.ModelAndView org.springframework.boot.autoconfigure.web.BasicErrorController.errorHtml(javax.servlet.http.HttpServletRequest,javax.servlet.http.HttpServletResponse)
2018-10-24 10:05:19.153 [main] INFO  org.springframework.web.servlet.mvc.method.annotation.RequestMappingHandlerMapping - Mapped "{[/error]}" onto public org.springframework.http.ResponseEntity<java.util.Map<java.lang.String, java.lang.Object>> org.springframework.boot.autoconfigure.web.BasicErrorController.error(javax.servlet.http.HttpServletRequest)
2018-10-24 10:05:19.356 [main] INFO  com.netflix.config.sources.URLConfigurationSource - To enable URLs as dynamic configuration sources, define System property archaius.configurationSource.additionalUrls or make config.properties available on classpath.
2018-10-24 10:05:19.359 [main] INFO  com.netflix.config.sources.URLConfigurationSource - To enable URLs as dynamic configuration sources, define System property archaius.configurationSource.additionalUrls or make config.properties available on classpath.
2018-10-24 10:05:19.454 [main] INFO  org.springframework.web.servlet.mvc.method.annotation.RequestMappingHandlerAdapter - Looking for @ControllerAdvice: org.springframework.web.context.support.GenericWebApplicationContext@68ee3b6d: startup date [Wed Oct 24 10:05:18 CST 2018]; parent: org.springframework.context.annotation.AnnotationConfigApplicationContext@7aaca91a
2018-10-24 10:05:19.492 [main] INFO  org.springframework.web.servlet.handler.SimpleUrlHandlerMapping - Mapped URL path [/webjars/**] onto handler of type [class org.springframework.web.servlet.resource.ResourceHttpRequestHandler]
2018-10-24 10:05:19.492 [main] INFO  org.springframework.web.servlet.handler.SimpleUrlHandlerMapping - Mapped URL path [/**] onto handler of type [class org.springframework.web.servlet.resource.ResourceHttpRequestHandler]
2018-10-24 10:05:19.519 [main] INFO  org.springframework.web.servlet.handler.SimpleUrlHandlerMapping - Mapped URL path [/**/favicon.ico] onto handler of type [class org.springframework.web.servlet.resource.ResourceHttpRequestHandler]
2018-10-24 10:05:20.609 [main] INFO  org.springframework.cloud.commons.util.InetUtils - Cannot determine local hostname
2018-10-24 10:05:21.734 [main] INFO  org.springframework.cloud.commons.util.InetUtils - Cannot determine local hostname
2018-10-24 10:05:21.848 [main] INFO  com.netflix.discovery.DiscoveryClient - Shutting down DiscoveryClient ...
2018-10-24 10:05:21.854 [main] INFO  com.netflix.discovery.DiscoveryClient - Completed shut down of DiscoveryClient
2018-10-24 10:05:21.914 [main] INFO  org.springframework.context.support.DefaultLifecycleProcessor - Starting beans in phase 0
2018-10-24 10:05:21.927 [main] INFO  springfox.documentation.spring.web.plugins.DocumentationPluginsBootstrapper - Context refreshed
2018-10-24 10:05:21.936 [main] INFO  springfox.documentation.spring.web.plugins.DocumentationPluginsBootstrapper - Found {0} custom documentation plugin(s)
2018-10-24 10:05:21.940 [main] INFO  springfox.documentation.spring.web.scanners.ApiListingReferenceScanner - Scanning for api listing references
2018-10-24 10:05:21.942 [main] INFO  springfox.documentation.swagger.web.ClassOrApiAnnotationResourceGrouping - Group for method errorHtml was basic-error-controller
2018-10-24 10:05:21.943 [main] INFO  springfox.documentation.spring.web.scanners.ApiListingReferenceScanner - Request mapping: errorHtml belongs to groups: [[ResourceGroup{groupName='basic-error-controller', position=0, controller=org.springframework.boot.autoconfigure.web.BasicErrorController}]] 
2018-10-24 10:05:21.944 [main] INFO  springfox.documentation.swagger.web.ClassOrApiAnnotationResourceGrouping - Group for method error was basic-error-controller
2018-10-24 10:05:21.944 [main] INFO  springfox.documentation.spring.web.scanners.ApiListingReferenceScanner - Request mapping: error belongs to groups: [[ResourceGroup{groupName='basic-error-controller', position=0, controller=org.springframework.boot.autoconfigure.web.BasicErrorController}]] 
2018-10-24 10:05:21.944 [main] INFO  springfox.documentation.swagger.web.ClassOrApiAnnotationResourceGrouping - Group for method userDetails was user-controller
2018-10-24 10:05:21.944 [main] INFO  springfox.documentation.spring.web.scanners.ApiListingReferenceScanner - Request mapping: userDetails belongs to groups: [[ResourceGroup{groupName='user-controller', position=0, controller=com.evshang.controller.UserController}]] 
2018-10-24 10:05:21.947 [main] INFO  springfox.documentation.spring.web.scanners.ApiListingReferenceScanner - Created resource listing Path: /default/user-controller Description: user-controller Position: 0
2018-10-24 10:05:21.947 [main] INFO  springfox.documentation.spring.web.scanners.ApiListingReferenceScanner - Created resource listing Path: /default/basic-error-controller Description: basic-error-controller Position: 0
2018-10-24 10:05:21.956 [main] INFO  springfox.documentation.schema.ModelContextKeyGenerator - Cache Key Generated: java.util.Map<java.lang.String,java.lang.Object>(true)
2018-10-24 10:05:21.960 [main] INFO  springfox.documentation.spring.web.caching.CachingAspect - Caching aspect applied for cache models with key java.util.Map<java.lang.String,java.lang.Object>(true)
2018-10-24 10:05:21.965 [main] INFO  springfox.documentation.schema.ModelContextKeyGenerator - Cache Key Generated: java.util.Map<java.lang.String,java.lang.Object>(true)
2018-10-24 10:05:21.965 [main] INFO  springfox.documentation.spring.web.caching.CachingAspect - Caching aspect applied for cache modelDependencies with key java.util.Map<java.lang.String,java.lang.Object>(true)
2018-10-24 10:05:21.969 [main] INFO  springfox.documentation.spring.web.OperationsKeyGenerator - Cache key generated: /error.org.springframework.boot.autoconfigure.web.BasicErrorController.error.DefaultGenericTypeNamingStrategy
2018-10-24 10:05:21.969 [main] INFO  springfox.documentation.spring.web.caching.CachingAspect - Caching aspect applied for cache operations with key /error.org.springframework.boot.autoconfigure.web.BasicErrorController.error.DefaultGenericTypeNamingStrategy
2018-10-24 10:05:21.978 [main] INFO  springfox.documentation.swagger.web.ClassOrApiAnnotationResourceGrouping - Group for method error was basic-error-controller
2018-10-24 10:05:21.980 [main] INFO  springfox.documentation.swagger.web.ClassOrApiAnnotationResourceGrouping - Group for method error was basic-error-controller
2018-10-24 10:05:21.982 [main] INFO  springfox.documentation.swagger.web.ClassOrApiAnnotationResourceGrouping - Group for method error was basic-error-controller
2018-10-24 10:05:21.983 [main] INFO  springfox.documentation.swagger.web.ClassOrApiAnnotationResourceGrouping - Group for method error was basic-error-controller
2018-10-24 10:05:21.984 [main] INFO  springfox.documentation.swagger.web.ClassOrApiAnnotationResourceGrouping - Group for method error was basic-error-controller
2018-10-24 10:05:21.984 [main] INFO  springfox.documentation.swagger.web.ClassOrApiAnnotationResourceGrouping - Group for method error was basic-error-controller
2018-10-24 10:05:21.985 [main] INFO  springfox.documentation.swagger.web.ClassOrApiAnnotationResourceGrouping - Group for method error was basic-error-controller
2018-10-24 10:05:21.986 [main] INFO  springfox.documentation.swagger.web.ClassOrApiAnnotationResourceGrouping - Group for method error was basic-error-controller
2018-10-24 10:05:21.986 [main] INFO  springfox.documentation.swagger.web.ClassOrApiAnnotationResourceGrouping - Group for method error was basic-error-controller
2018-10-24 10:05:21.987 [main] INFO  springfox.documentation.swagger.web.ClassOrApiAnnotationResourceGrouping - Group for method error was basic-error-controller
2018-10-24 10:05:21.988 [main] INFO  springfox.documentation.swagger.web.ClassOrApiAnnotationResourceGrouping - Group for method error was basic-error-controller
2018-10-24 10:05:21.988 [main] INFO  springfox.documentation.swagger.web.ClassOrApiAnnotationResourceGrouping - Group for method error was basic-error-controller
2018-10-24 10:05:21.989 [main] INFO  springfox.documentation.swagger.web.ClassOrApiAnnotationResourceGrouping - Group for method error was basic-error-controller
2018-10-24 10:05:21.990 [main] INFO  springfox.documentation.swagger.web.ClassOrApiAnnotationResourceGrouping - Group for method error was basic-error-controller
2018-10-24 10:05:21.990 [main] INFO  springfox.documentation.swagger.web.ClassOrApiAnnotationResourceGrouping - Group for method error was basic-error-controller
2018-10-24 10:05:21.991 [main] INFO  springfox.documentation.swagger.web.ClassOrApiAnnotationResourceGrouping - Group for method error was basic-error-controller
2018-10-24 10:05:21.994 [main] INFO  springfox.documentation.schema.ModelContextKeyGenerator - Cache Key Generated: org.springframework.web.servlet.ModelAndView(true)
2018-10-24 10:05:21.994 [main] INFO  springfox.documentation.spring.web.caching.CachingAspect - Caching aspect applied for cache models with key org.springframework.web.servlet.ModelAndView(true)
2018-10-24 10:05:21.994 [main] INFO  springfox.documentation.schema.property.ModelPropertiesKeyGenerator - Cache key generated: org.springframework.web.servlet.ModelAndView(true)
2018-10-24 10:05:21.994 [main] INFO  springfox.documentation.spring.web.caching.CachingAspect - Caching aspect applied for cache modelProperties with key org.springframework.web.servlet.ModelAndView(true)
2018-10-24 10:05:22.003 [main] INFO  springfox.documentation.schema.ModelContextKeyGenerator - Cache Key Generated: org.springframework.web.servlet.ModelAndView(true)
2018-10-24 10:05:22.003 [main] INFO  springfox.documentation.spring.web.caching.CachingAspect - Caching aspect applied for cache modelDependencies with key org.springframework.web.servlet.ModelAndView(true)
2018-10-24 10:05:22.003 [main] INFO  springfox.documentation.schema.property.ModelPropertiesKeyGenerator - Cache key generated: org.springframework.web.servlet.ModelAndView(true)
2018-10-24 10:05:22.003 [main] INFO  springfox.documentation.spring.web.caching.CachingAspect - Caching aspect applied for cache modelProperties with key org.springframework.web.servlet.ModelAndView(true)
2018-10-24 10:05:22.004 [main] INFO  springfox.documentation.schema.property.ModelPropertiesKeyGenerator - Cache key generated: org.springframework.web.servlet.View(true)
2018-10-24 10:05:22.004 [main] INFO  springfox.documentation.spring.web.caching.CachingAspect - Caching aspect applied for cache modelProperties with key org.springframework.web.servlet.View(true)
2018-10-24 10:05:22.005 [main] INFO  springfox.documentation.schema.property.ModelPropertiesKeyGenerator - Cache key generated: org.springframework.web.servlet.View(true)
2018-10-24 10:05:22.005 [main] INFO  springfox.documentation.spring.web.caching.CachingAspect - Caching aspect applied for cache modelProperties with key org.springframework.web.servlet.View(true)
2018-10-24 10:05:22.006 [main] INFO  springfox.documentation.spring.web.OperationsKeyGenerator - Cache key generated: /error.org.springframework.boot.autoconfigure.web.BasicErrorController.errorHtml.DefaultGenericTypeNamingStrategy
2018-10-24 10:05:22.006 [main] INFO  springfox.documentation.spring.web.caching.CachingAspect - Caching aspect applied for cache operations with key /error.org.springframework.boot.autoconfigure.web.BasicErrorController.errorHtml.DefaultGenericTypeNamingStrategy
2018-10-24 10:05:22.007 [main] INFO  springfox.documentation.swagger.web.ClassOrApiAnnotationResourceGrouping - Group for method errorHtml was basic-error-controller
2018-10-24 10:05:22.007 [main] INFO  springfox.documentation.swagger.web.ClassOrApiAnnotationResourceGrouping - Group for method errorHtml was basic-error-controller
2018-10-24 10:05:22.008 [main] INFO  springfox.documentation.swagger.web.ClassOrApiAnnotationResourceGrouping - Group for method errorHtml was basic-error-controller
2018-10-24 10:05:22.008 [main] INFO  springfox.documentation.swagger.web.ClassOrApiAnnotationResourceGrouping - Group for method errorHtml was basic-error-controller
2018-10-24 10:05:22.009 [main] INFO  springfox.documentation.swagger.web.ClassOrApiAnnotationResourceGrouping - Group for method errorHtml was basic-error-controller
2018-10-24 10:05:22.009 [main] INFO  springfox.documentation.swagger.web.ClassOrApiAnnotationResourceGrouping - Group for method errorHtml was basic-error-controller
2018-10-24 10:05:22.010 [main] INFO  springfox.documentation.swagger.web.ClassOrApiAnnotationResourceGrouping - Group for method errorHtml was basic-error-controller
2018-10-24 10:05:22.010 [main] INFO  springfox.documentation.swagger.web.ClassOrApiAnnotationResourceGrouping - Group for method errorHtml was basic-error-controller
2018-10-24 10:05:22.011 [main] INFO  springfox.documentation.swagger.web.ClassOrApiAnnotationResourceGrouping - Group for method errorHtml was basic-error-controller
2018-10-24 10:05:22.011 [main] INFO  springfox.documentation.swagger.web.ClassOrApiAnnotationResourceGrouping - Group for method errorHtml was basic-error-controller
2018-10-24 10:05:22.012 [main] INFO  springfox.documentation.swagger.web.ClassOrApiAnnotationResourceGrouping - Group for method errorHtml was basic-error-controller
2018-10-24 10:05:22.012 [main] INFO  springfox.documentation.swagger.web.ClassOrApiAnnotationResourceGrouping - Group for method errorHtml was basic-error-controller
2018-10-24 10:05:22.013 [main] INFO  springfox.documentation.swagger.web.ClassOrApiAnnotationResourceGrouping - Group for method errorHtml was basic-error-controller
2018-10-24 10:05:22.013 [main] INFO  springfox.documentation.swagger.web.ClassOrApiAnnotationResourceGrouping - Group for method errorHtml was basic-error-controller
2018-10-24 10:05:22.013 [main] INFO  springfox.documentation.swagger.web.ClassOrApiAnnotationResourceGrouping - Group for method errorHtml was basic-error-controller
2018-10-24 10:05:22.014 [main] INFO  springfox.documentation.swagger.web.ClassOrApiAnnotationResourceGrouping - Group for method errorHtml was basic-error-controller
2018-10-24 10:05:22.022 [main] INFO  springfox.documentation.schema.ModelContextKeyGenerator - Cache Key Generated: java.lang.String(true)
2018-10-24 10:05:22.022 [main] INFO  springfox.documentation.spring.web.caching.CachingAspect - Caching aspect applied for cache models with key java.lang.String(true)
2018-10-24 10:05:22.022 [main] INFO  springfox.documentation.schema.ModelContextKeyGenerator - Cache Key Generated: java.lang.String(true)
2018-10-24 10:05:22.022 [main] INFO  springfox.documentation.spring.web.caching.CachingAspect - Caching aspect applied for cache modelDependencies with key java.lang.String(true)
2018-10-24 10:05:22.022 [main] INFO  springfox.documentation.spring.web.OperationsKeyGenerator - Cache key generated: /userDetails/{userId}.com.evshang.controller.UserController.userDetails.DefaultGenericTypeNamingStrategy
2018-10-24 10:05:22.022 [main] INFO  springfox.documentation.spring.web.caching.CachingAspect - Caching aspect applied for cache operations with key /userDetails/{userId}.com.evshang.controller.UserController.userDetails.DefaultGenericTypeNamingStrategy
2018-10-24 10:05:22.026 [main] INFO  springfox.documentation.swagger.web.ClassOrApiAnnotationResourceGrouping - Group for method userDetails was user-controller
2018-10-24 10:05:22.027 [main] INFO  springfox.documentation.swagger.web.ClassOrApiAnnotationResourceGrouping - Group for method userDetails was user-controller
2018-10-24 10:05:22.036 [main] INFO  com.evshang.registration.UserServiceApplicationApplicationTests - Started UserServiceApplicationApplicationTests in 8.084 seconds (JVM running for 8.614)
2018-10-24 10:05:22.070 [Thread-5] INFO  org.springframework.web.context.support.GenericWebApplicationContext - Closing org.springframework.web.context.support.GenericWebApplicationContext@68ee3b6d: startup date [Wed Oct 24 10:05:18 CST 2018]; parent: org.springframework.context.annotation.AnnotationConfigApplicationContext@7aaca91a
2018-10-24 10:05:22.073 [Thread-5] INFO  org.springframework.cloud.netflix.eureka.InstanceInfoFactory - Setting initial instance status as: STARTING
2018-10-24 10:05:22.074 [Thread-5] INFO  org.springframework.cloud.netflix.eureka.serviceregistry.EurekaServiceRegistry - Unregistering application evshang-user-service with eureka with status DOWN
2018-10-24 10:05:22.075 [Thread-5] INFO  org.springframework.context.support.DefaultLifecycleProcessor - Stopping beans in phase 0
